  Iori_1P.cpp
C:\Users\ASUS S530FN\Desktop\210329\210329\Iori_1P.h(55,35): warning C4244: 'return': 'float'에서 'int'(으)로 변환하면서 데이터가 손실될 수 있습니다.
C:\Users\ASUS S530FN\Desktop\210329\210329\CommonFunction.h(86,15): warning C4244: '=': 'double'에서 'float'(으)로 변환하면서 데이터가 손실될 수 있습니다.
C:\Users\ASUS S530FN\Desktop\210329\210329\Iori_1P.cpp(255,35): warning C4267: '초기화 중': 'size_t'에서 'int'(으)로 변환하면서 데이터가 손실될 수 있습니다.
C:\Users\ASUS S530FN\Desktop\210329\210329\Iori_1P.cpp(316,44): warning C4267: '인수': 'size_t'에서 'int'(으)로 변환하면서 데이터가 손실될 수 있습니다.
C:\Users\ASUS S530FN\Desktop\210329\210329\Iori_1P.cpp(322,57): warning C4267: '인수': 'size_t'에서 'int'(으)로 변환하면서 데이터가 손실될 수 있습니다.
C:\Users\ASUS S530FN\Desktop\210329\210329\Iori_1P.cpp(332,33): warning C4244: '인수': 'float'에서 'int'(으)로 변환하면서 데이터가 손실될 수 있습니다.
C:\Users\ASUS S530FN\Desktop\210329\210329\Iori_1P.cpp(332,26): warning C4244: '인수': 'float'에서 'int'(으)로 변환하면서 데이터가 손실될 수 있습니다.
C:\Users\ASUS S530FN\Desktop\210329\210329\Iori_1P.cpp(338,33): warning C4244: '인수': 'float'에서 'int'(으)로 변환하면서 데이터가 손실될 수 있습니다.
C:\Users\ASUS S530FN\Desktop\210329\210329\Iori_1P.cpp(338,26): warning C4244: '인수': 'float'에서 'int'(으)로 변환하면서 데이터가 손실될 수 있습니다.
C:\Users\ASUS S530FN\Desktop\210329\210329\Iori_1P.cpp(344,33): warning C4244: '인수': 'float'에서 'int'(으)로 변환하면서 데이터가 손실될 수 있습니다.
C:\Users\ASUS S530FN\Desktop\210329\210329\Iori_1P.cpp(344,26): warning C4244: '인수': 'float'에서 'int'(으)로 변환하면서 데이터가 손실될 수 있습니다.
C:\Users\ASUS S530FN\Desktop\210329\210329\Iori_1P.cpp(352,33): warning C4244: '인수': 'float'에서 'int'(으)로 변환하면서 데이터가 손실될 수 있습니다.
C:\Users\ASUS S530FN\Desktop\210329\210329\Iori_1P.cpp(352,26): warning C4244: '인수': 'float'에서 'int'(으)로 변환하면서 데이터가 손실될 수 있습니다.
C:\Users\ASUS S530FN\Desktop\210329\210329\Iori_1P.cpp(359,33): warning C4244: '인수': 'float'에서 'int'(으)로 변환하면서 데이터가 손실될 수 있습니다.
C:\Users\ASUS S530FN\Desktop\210329\210329\Iori_1P.cpp(359,26): warning C4244: '인수': 'float'에서 'int'(으)로 변환하면서 데이터가 손실될 수 있습니다.
C:\Users\ASUS S530FN\Desktop\210329\210329\Iori_1P.cpp(366,33): warning C4244: '인수': 'float'에서 'int'(으)로 변환하면서 데이터가 손실될 수 있습니다.
C:\Users\ASUS S530FN\Desktop\210329\210329\Iori_1P.cpp(366,26): warning C4244: '인수': 'float'에서 'int'(으)로 변환하면서 데이터가 손실될 수 있습니다.
C:\Users\ASUS S530FN\Desktop\210329\210329\Iori_1P.cpp(373,33): warning C4244: '인수': 'float'에서 'int'(으)로 변환하면서 데이터가 손실될 수 있습니다.
C:\Users\ASUS S530FN\Desktop\210329\210329\Iori_1P.cpp(373,26): warning C4244: '인수': 'float'에서 'int'(으)로 변환하면서 데이터가 손실될 수 있습니다.
C:\Users\ASUS S530FN\Desktop\210329\210329\Iori_1P.cpp(380,33): warning C4244: '인수': 'float'에서 'int'(으)로 변환하면서 데이터가 손실될 수 있습니다.
C:\Users\ASUS S530FN\Desktop\210329\210329\Iori_1P.cpp(380,26): warning C4244: '인수': 'float'에서 'int'(으)로 변환하면서 데이터가 손실될 수 있습니다.
C:\Users\ASUS S530FN\Desktop\210329\210329\Iori_1P.cpp(386,33): warning C4244: '인수': 'float'에서 'int'(으)로 변환하면서 데이터가 손실될 수 있습니다.
C:\Users\ASUS S530FN\Desktop\210329\210329\Iori_1P.cpp(386,26): warning C4244: '인수': 'float'에서 'int'(으)로 변환하면서 데이터가 손실될 수 있습니다.
C:\Users\ASUS S530FN\Desktop\210329\210329\Iori_1P.cpp(395,79): warning C4244: '인수': 'float'에서 'int'(으)로 변환하면서 데이터가 손실될 수 있습니다.
C:\Users\ASUS S530FN\Desktop\210329\210329\Iori_1P.cpp(395,69): warning C4244: '인수': 'float'에서 'int'(으)로 변환하면서 데이터가 손실될 수 있습니다.
C:\Users\ASUS S530FN\Desktop\210329\210329\Iori_1P.cpp(401,79): warning C4244: '인수': 'float'에서 'int'(으)로 변환하면서 데이터가 손실될 수 있습니다.
C:\Users\ASUS S530FN\Desktop\210329\210329\Iori_1P.cpp(401,69): warning C4244: '인수': 'float'에서 'int'(으)로 변환하면서 데이터가 손실될 수 있습니다.
C:\Users\ASUS S530FN\Desktop\210329\210329\Iori_1P.cpp(407,79): warning C4244: '인수': 'float'에서 'int'(으)로 변환하면서 데이터가 손실될 수 있습니다.
C:\Users\ASUS S530FN\Desktop\210329\210329\Iori_1P.cpp(407,69): warning C4244: '인수': 'float'에서 'int'(으)로 변환하면서 데이터가 손실될 수 있습니다.
C:\Users\ASUS S530FN\Desktop\210329\210329\Iori_1P.cpp(414,79): warning C4244: '인수': 'float'에서 'int'(으)로 변환하면서 데이터가 손실될 수 있습니다.
C:\Users\ASUS S530FN\Desktop\210329\210329\Iori_1P.cpp(414,69): warning C4244: '인수': 'float'에서 'int'(으)로 변환하면서 데이터가 손실될 수 있습니다.
C:\Users\ASUS S530FN\Desktop\210329\210329\Iori_1P.cpp(421,79): warning C4244: '인수': 'float'에서 'int'(으)로 변환하면서 데이터가 손실될 수 있습니다.
C:\Users\ASUS S530FN\Desktop\210329\210329\Iori_1P.cpp(421,69): warning C4244: '인수': 'float'에서 'int'(으)로 변환하면서 데이터가 손실될 수 있습니다.
C:\Users\ASUS S530FN\Desktop\210329\210329\Iori_1P.cpp(428,79): warning C4244: '인수': 'float'에서 'int'(으)로 변환하면서 데이터가 손실될 수 있습니다.
C:\Users\ASUS S530FN\Desktop\210329\210329\Iori_1P.cpp(428,69): warning C4244: '인수': 'float'에서 'int'(으)로 변환하면서 데이터가 손실될 수 있습니다.
C:\Users\ASUS S530FN\Desktop\210329\210329\Iori_1P.cpp(435,79): warning C4244: '인수': 'float'에서 'int'(으)로 변환하면서 데이터가 손실될 수 있습니다.
C:\Users\ASUS S530FN\Desktop\210329\210329\Iori_1P.cpp(435,69): warning C4244: '인수': 'float'에서 'int'(으)로 변환하면서 데이터가 손실될 수 있습니다.
C:\Users\ASUS S530FN\Desktop\210329\210329\Iori_1P.cpp(442,79): warning C4244: '인수': 'float'에서 'int'(으)로 변환하면서 데이터가 손실될 수 있습니다.
C:\Users\ASUS S530FN\Desktop\210329\210329\Iori_1P.cpp(442,69): warning C4244: '인수': 'float'에서 'int'(으)로 변환하면서 데이터가 손실될 수 있습니다.
C:\Users\ASUS S530FN\Desktop\210329\210329\Iori_1P.cpp(448,79): warning C4244: '인수': 'float'에서 'int'(으)로 변환하면서 데이터가 손실될 수 있습니다.
C:\Users\ASUS S530FN\Desktop\210329\210329\Iori_1P.cpp(448,69): warning C4244: '인수': 'float'에서 'int'(으)로 변환하면서 데이터가 손실될 수 있습니다.
C:\Users\ASUS S530FN\Desktop\210329\210329\Iori_1P.cpp(463,23): warning C4244: '=': 'float'에서 'LONG'(으)로 변환하면서 데이터가 손실될 수 있습니다.
C:\Users\ASUS S530FN\Desktop\210329\210329\Iori_1P.cpp(464,22): warning C4244: '=': 'float'에서 'LONG'(으)로 변환하면서 데이터가 손실될 수 있습니다.
C:\Users\ASUS S530FN\Desktop\210329\210329\Iori_1P.cpp(465,60): warning C4244: '=': 'float'에서 'LONG'(으)로 변환하면서 데이터가 손실될 수 있습니다.
C:\Users\ASUS S530FN\Desktop\210329\210329\Iori_1P.cpp(466,62): warning C4244: '=': 'float'에서 'LONG'(으)로 변환하면서 데이터가 손실될 수 있습니다.
C:\Users\ASUS S530FN\Desktop\210329\210329\Iori_1P.cpp(469,23): warning C4244: '=': 'float'에서 'LONG'(으)로 변환하면서 데이터가 손실될 수 있습니다.
C:\Users\ASUS S530FN\Desktop\210329\210329\Iori_1P.cpp(470,22): warning C4244: '=': 'float'에서 'LONG'(으)로 변환하면서 데이터가 손실될 수 있습니다.
C:\Users\ASUS S530FN\Desktop\210329\210329\Iori_1P.cpp(471,60): warning C4244: '=': 'float'에서 'LONG'(으)로 변환하면서 데이터가 손실될 수 있습니다.
C:\Users\ASUS S530FN\Desktop\210329\210329\Iori_1P.cpp(472,62): warning C4244: '=': 'float'에서 'LONG'(으)로 변환하면서 데이터가 손실될 수 있습니다.
C:\Users\ASUS S530FN\Desktop\210329\210329\Iori_1P.cpp(475,23): warning C4244: '=': 'float'에서 'LONG'(으)로 변환하면서 데이터가 손실될 수 있습니다.
C:\Users\ASUS S530FN\Desktop\210329\210329\Iori_1P.cpp(476,22): warning C4244: '=': 'float'에서 'LONG'(으)로 변환하면서 데이터가 손실될 수 있습니다.
C:\Users\ASUS S530FN\Desktop\210329\210329\Iori_1P.cpp(477,60): warning C4244: '=': 'float'에서 'LONG'(으)로 변환하면서 데이터가 손실될 수 있습니다.
C:\Users\ASUS S530FN\Desktop\210329\210329\Iori_1P.cpp(478,62): warning C4244: '=': 'float'에서 'LONG'(으)로 변환하면서 데이터가 손실될 수 있습니다.
C:\Users\ASUS S530FN\Desktop\210329\210329\Iori_1P.cpp(481,23): warning C4244: '=': 'float'에서 'LONG'(으)로 변환하면서 데이터가 손실될 수 있습니다.
C:\Users\ASUS S530FN\Desktop\210329\210329\Iori_1P.cpp(482,22): warning C4244: '=': 'float'에서 'LONG'(으)로 변환하면서 데이터가 손실될 수 있습니다.
C:\Users\ASUS S530FN\Desktop\210329\210329\Iori_1P.cpp(483,60): warning C4244: '=': 'float'에서 'LONG'(으)로 변환하면서 데이터가 손실될 수 있습니다.
C:\Users\ASUS S530FN\Desktop\210329\210329\Iori_1P.cpp(484,62): warning C4244: '=': 'float'에서 'LONG'(으)로 변환하면서 데이터가 손실될 수 있습니다.
C:\Users\ASUS S530FN\Desktop\210329\210329\Iori_1P.cpp(489,24): warning C4244: '=': 'float'에서 'LONG'(으)로 변환하면서 데이터가 손실될 수 있습니다.
C:\Users\ASUS S530FN\Desktop\210329\210329\Iori_1P.cpp(490,23): warning C4244: '=': 'float'에서 'LONG'(으)로 변환하면서 데이터가 손실될 수 있습니다.
C:\Users\ASUS S530FN\Desktop\210329\210329\Iori_1P.cpp(491,61): warning C4244: '=': 'float'에서 'LONG'(으)로 변환하면서 데이터가 손실될 수 있습니다.
C:\Users\ASUS S530FN\Desktop\210329\210329\Iori_1P.cpp(492,63): warning C4244: '=': 'float'에서 'LONG'(으)로 변환하면서 데이터가 손실될 수 있습니다.
C:\Users\ASUS S530FN\Desktop\210329\210329\Iori_1P.cpp(496,24): warning C4244: '=': 'float'에서 'LONG'(으)로 변환하면서 데이터가 손실될 수 있습니다.
C:\Users\ASUS S530FN\Desktop\210329\210329\Iori_1P.cpp(497,23): warning C4244: '=': 'float'에서 'LONG'(으)로 변환하면서 데이터가 손실될 수 있습니다.
C:\Users\ASUS S530FN\Desktop\210329\210329\Iori_1P.cpp(498,61): warning C4244: '=': 'float'에서 'LONG'(으)로 변환하면서 데이터가 손실될 수 있습니다.
C:\Users\ASUS S530FN\Desktop\210329\210329\Iori_1P.cpp(499,63): warning C4244: '=': 'float'에서 'LONG'(으)로 변환하면서 데이터가 손실될 수 있습니다.
C:\Users\ASUS S530FN\Desktop\210329\210329\Iori_1P.cpp(503,24): warning C4244: '=': 'float'에서 'LONG'(으)로 변환하면서 데이터가 손실될 수 있습니다.
C:\Users\ASUS S530FN\Desktop\210329\210329\Iori_1P.cpp(504,23): warning C4244: '=': 'float'에서 'LONG'(으)로 변환하면서 데이터가 손실될 수 있습니다.
C:\Users\ASUS S530FN\Desktop\210329\210329\Iori_1P.cpp(505,61): warning C4244: '=': 'float'에서 'LONG'(으)로 변환하면서 데이터가 손실될 수 있습니다.
C:\Users\ASUS S530FN\Desktop\210329\210329\Iori_1P.cpp(506,63): warning C4244: '=': 'float'에서 'LONG'(으)로 변환하면서 데이터가 손실될 수 있습니다.
C:\Users\ASUS S530FN\Desktop\210329\210329\Iori_1P.cpp(510,24): warning C4244: '=': 'float'에서 'LONG'(으)로 변환하면서 데이터가 손실될 수 있습니다.
C:\Users\ASUS S530FN\Desktop\210329\210329\Iori_1P.cpp(511,23): warning C4244: '=': 'float'에서 'LONG'(으)로 변환하면서 데이터가 손실될 수 있습니다.
C:\Users\ASUS S530FN\Desktop\210329\210329\Iori_1P.cpp(512,61): warning C4244: '=': 'float'에서 'LONG'(으)로 변환하면서 데이터가 손실될 수 있습니다.
C:\Users\ASUS S530FN\Desktop\210329\210329\Iori_1P.cpp(513,63): warning C4244: '=': 'float'에서 'LONG'(으)로 변환하면서 데이터가 손실될 수 있습니다.
C:\Users\ASUS S530FN\Desktop\210329\210329\Iori_1P.cpp(517,23): warning C4244: '=': 'float'에서 'LONG'(으)로 변환하면서 데이터가 손실될 수 있습니다.
C:\Users\ASUS S530FN\Desktop\210329\210329\Iori_1P.cpp(518,22): warning C4244: '=': 'float'에서 'LONG'(으)로 변환하면서 데이터가 손실될 수 있습니다.
C:\Users\ASUS S530FN\Desktop\210329\210329\Iori_1P.cpp(519,60): warning C4244: '=': 'float'에서 'LONG'(으)로 변환하면서 데이터가 손실될 수 있습니다.
C:\Users\ASUS S530FN\Desktop\210329\210329\Iori_1P.cpp(520,62): warning C4244: '=': 'float'에서 'LONG'(으)로 변환하면서 데이터가 손실될 수 있습니다.
C:\Users\ASUS S530FN\Desktop\210329\210329\Iori_1P.cpp(525,24): warning C4244: '=': 'float'에서 'LONG'(으)로 변환하면서 데이터가 손실될 수 있습니다.
C:\Users\ASUS S530FN\Desktop\210329\210329\Iori_1P.cpp(526,23): warning C4244: '=': 'float'에서 'LONG'(으)로 변환하면서 데이터가 손실될 수 있습니다.
C:\Users\ASUS S530FN\Desktop\210329\210329\Iori_1P.cpp(527,61): warning C4244: '=': 'float'에서 'LONG'(으)로 변환하면서 데이터가 손실될 수 있습니다.
C:\Users\ASUS S530FN\Desktop\210329\210329\Iori_1P.cpp(528,63): warning C4244: '=': 'float'에서 'LONG'(으)로 변환하면서 데이터가 손실될 수 있습니다.
C:\Users\ASUS S530FN\Desktop\210329\210329\Iori_1P.cpp(532,24): warning C4244: '=': 'float'에서 'LONG'(으)로 변환하면서 데이터가 손실될 수 있습니다.
C:\Users\ASUS S530FN\Desktop\210329\210329\Iori_1P.cpp(533,23): warning C4244: '=': 'float'에서 'LONG'(으)로 변환하면서 데이터가 손실될 수 있습니다.
C:\Users\ASUS S530FN\Desktop\210329\210329\Iori_1P.cpp(534,61): warning C4244: '=': 'float'에서 'LONG'(으)로 변환하면서 데이터가 손실될 수 있습니다.
C:\Users\ASUS S530FN\Desktop\210329\210329\Iori_1P.cpp(535,63): warning C4244: '=': 'float'에서 'LONG'(으)로 변환하면서 데이터가 손실될 수 있습니다.
C:\Users\ASUS S530FN\Desktop\210329\210329\Iori_1P.cpp(539,24): warning C4244: '=': 'float'에서 'LONG'(으)로 변환하면서 데이터가 손실될 수 있습니다.
C:\Users\ASUS S530FN\Desktop\210329\210329\Iori_1P.cpp(540,23): warning C4244: '=': 'float'에서 'LONG'(으)로 변환하면서 데이터가 손실될 수 있습니다.
C:\Users\ASUS S530FN\Desktop\210329\210329\Iori_1P.cpp(541,61): warning C4244: '=': 'float'에서 'LONG'(으)로 변환하면서 데이터가 손실될 수 있습니다.
C:\Users\ASUS S530FN\Desktop\210329\210329\Iori_1P.cpp(542,63): warning C4244: '=': 'float'에서 'LONG'(으)로 변환하면서 데이터가 손실될 수 있습니다.
C:\Users\ASUS S530FN\Desktop\210329\210329\Iori_1P.cpp(546,24): warning C4244: '=': 'float'에서 'LONG'(으)로 변환하면서 데이터가 손실될 수 있습니다.
C:\Users\ASUS S530FN\Desktop\210329\210329\Iori_1P.cpp(547,23): warning C4244: '=': 'float'에서 'LONG'(으)로 변환하면서 데이터가 손실될 수 있습니다.
C:\Users\ASUS S530FN\Desktop\210329\210329\Iori_1P.cpp(548,61): warning C4244: '=': 'float'에서 'LONG'(으)로 변환하면서 데이터가 손실될 수 있습니다.
C:\Users\ASUS S530FN\Desktop\210329\210329\Iori_1P.cpp(549,63): warning C4244: '=': 'float'에서 'LONG'(으)로 변환하면서 데이터가 손실될 수 있습니다.
C:\Users\ASUS S530FN\Desktop\210329\210329\Iori_1P.cpp(556,24): warning C4244: '=': 'float'에서 'LONG'(으)로 변환하면서 데이터가 손실될 수 있습니다.
C:\Users\ASUS S530FN\Desktop\210329\210329\Iori_1P.cpp(557,23): warning C4244: '=': 'float'에서 'LONG'(으)로 변환하면서 데이터가 손실될 수 있습니다.
C:\Users\ASUS S530FN\Desktop\210329\210329\Iori_1P.cpp(558,61): warning C4244: '=': 'float'에서 'LONG'(으)로 변환하면서 데이터가 손실될 수 있습니다.
C:\Users\ASUS S530FN\Desktop\210329\210329\Iori_1P.cpp(559,63): warning C4244: '=': 'float'에서 'LONG'(으)로 변환하면서 데이터가 손실될 수 있습니다.
C:\Users\ASUS S530FN\Desktop\210329\210329\Iori_1P.cpp(563,24): warning C4244: '=': 'float'에서 'LONG'(으)로 변환하면서 데이터가 손실될 수 있습니다.
C:\Users\ASUS S530FN\Desktop\210329\210329\Iori_1P.cpp(564,23): warning C4244: '=': 'float'에서 'LONG'(으)로 변환하면서 데이터가 손실될 수 있습니다.
C:\Users\ASUS S530FN\Desktop\210329\210329\Iori_1P.cpp(565,61): warning C4244: '=': 'float'에서 'LONG'(으)로 변환하면서 데이터가 손실될 수 있습니다.
C:\Users\ASUS S530FN\Desktop\210329\210329\Iori_1P.cpp(566,63): warning C4244: '=': 'float'에서 'LONG'(으)로 변환하면서 데이터가 손실될 수 있습니다.
C:\Users\ASUS S530FN\Desktop\210329\210329\Iori_1P.cpp(570,24): warning C4244: '=': 'float'에서 'LONG'(으)로 변환하면서 데이터가 손실될 수 있습니다.
C:\Users\ASUS S530FN\Desktop\210329\210329\Iori_1P.cpp(571,23): warning C4244: '=': 'float'에서 'LONG'(으)로 변환하면서 데이터가 손실될 수 있습니다.
C:\Users\ASUS S530FN\Desktop\210329\210329\Iori_1P.cpp(572,61): warning C4244: '=': 'float'에서 'LONG'(으)로 변환하면서 데이터가 손실될 수 있습니다.
C:\Users\ASUS S530FN\Desktop\210329\210329\Iori_1P.cpp(573,63): warning C4244: '=': 'float'에서 'LONG'(으)로 변환하면서 데이터가 손실될 수 있습니다.
C:\Users\ASUS S530FN\Desktop\210329\210329\Iori_1P.cpp(577,24): warning C4244: '=': 'float'에서 'LONG'(으)로 변환하면서 데이터가 손실될 수 있습니다.
C:\Users\ASUS S530FN\Desktop\210329\210329\Iori_1P.cpp(578,23): warning C4244: '=': 'float'에서 'LONG'(으)로 변환하면서 데이터가 손실될 수 있습니다.
C:\Users\ASUS S530FN\Desktop\210329\210329\Iori_1P.cpp(579,61): warning C4244: '=': 'float'에서 'LONG'(으)로 변환하면서 데이터가 손실될 수 있습니다.
C:\Users\ASUS S530FN\Desktop\210329\210329\Iori_1P.cpp(580,63): warning C4244: '=': 'float'에서 'LONG'(으)로 변환하면서 데이터가 손실될 수 있습니다.
C:\Users\ASUS S530FN\Desktop\210329\210329\Iori_1P.cpp(586,24): warning C4244: '=': 'float'에서 'LONG'(으)로 변환하면서 데이터가 손실될 수 있습니다.
C:\Users\ASUS S530FN\Desktop\210329\210329\Iori_1P.cpp(587,23): warning C4244: '=': 'float'에서 'LONG'(으)로 변환하면서 데이터가 손실될 수 있습니다.
C:\Users\ASUS S530FN\Desktop\210329\210329\Iori_1P.cpp(588,61): warning C4244: '=': 'float'에서 'LONG'(으)로 변환하면서 데이터가 손실될 수 있습니다.
C:\Users\ASUS S530FN\Desktop\210329\210329\Iori_1P.cpp(589,63): warning C4244: '=': 'float'에서 'LONG'(으)로 변환하면서 데이터가 손실될 수 있습니다.
C:\Users\ASUS S530FN\Desktop\210329\210329\Iori_1P.cpp(593,24): warning C4244: '=': 'float'에서 'LONG'(으)로 변환하면서 데이터가 손실될 수 있습니다.
C:\Users\ASUS S530FN\Desktop\210329\210329\Iori_1P.cpp(594,23): warning C4244: '=': 'float'에서 'LONG'(으)로 변환하면서 데이터가 손실될 수 있습니다.
C:\Users\ASUS S530FN\Desktop\210329\210329\Iori_1P.cpp(595,61): warning C4244: '=': 'float'에서 'LONG'(으)로 변환하면서 데이터가 손실될 수 있습니다.
C:\Users\ASUS S530FN\Desktop\210329\210329\Iori_1P.cpp(596,63): warning C4244: '=': 'float'에서 'LONG'(으)로 변환하면서 데이터가 손실될 수 있습니다.
C:\Users\ASUS S530FN\Desktop\210329\210329\Iori_1P.cpp(600,24): warning C4244: '=': 'float'에서 'LONG'(으)로 변환하면서 데이터가 손실될 수 있습니다.
C:\Users\ASUS S530FN\Desktop\210329\210329\Iori_1P.cpp(601,23): warning C4244: '=': 'float'에서 'LONG'(으)로 변환하면서 데이터가 손실될 수 있습니다.
C:\Users\ASUS S530FN\Desktop\210329\210329\Iori_1P.cpp(602,61): warning C4244: '=': 'float'에서 'LONG'(으)로 변환하면서 데이터가 손실될 수 있습니다.
C:\Users\ASUS S530FN\Desktop\210329\210329\Iori_1P.cpp(603,63): warning C4244: '=': 'float'에서 'LONG'(으)로 변환하면서 데이터가 손실될 수 있습니다.
C:\Users\ASUS S530FN\Desktop\210329\210329\Iori_1P.cpp(607,24): warning C4244: '=': 'float'에서 'LONG'(으)로 변환하면서 데이터가 손실될 수 있습니다.
C:\Users\ASUS S530FN\Desktop\210329\210329\Iori_1P.cpp(608,23): warning C4244: '=': 'float'에서 'LONG'(으)로 변환하면서 데이터가 손실될 수 있습니다.
C:\Users\ASUS S530FN\Desktop\210329\210329\Iori_1P.cpp(609,61): warning C4244: '=': 'float'에서 'LONG'(으)로 변환하면서 데이터가 손실될 수 있습니다.
C:\Users\ASUS S530FN\Desktop\210329\210329\Iori_1P.cpp(610,63): warning C4244: '=': 'float'에서 'LONG'(으)로 변환하면서 데이터가 손실될 수 있습니다.
C:\Users\ASUS S530FN\Desktop\210329\210329\Iori_1P.cpp(614,24): warning C4244: '=': 'float'에서 'LONG'(으)로 변환하면서 데이터가 손실될 수 있습니다.
C:\Users\ASUS S530FN\Desktop\210329\210329\Iori_1P.cpp(615,23): warning C4244: '=': 'float'에서 'LONG'(으)로 변환하면서 데이터가 손실될 수 있습니다.
C:\Users\ASUS S530FN\Desktop\210329\210329\Iori_1P.cpp(616,25): warning C4244: '=': 'float'에서 'LONG'(으)로 변환하면서 데이터가 손실될 수 있습니다.
C:\Users\ASUS S530FN\Desktop\210329\210329\Iori_1P.cpp(617,63): warning C4244: '=': 'float'에서 'LONG'(으)로 변환하면서 데이터가 손실될 수 있습니다.
C:\Users\ASUS S530FN\Desktop\210329\210329\Iori_1P.cpp(628,64): warning C4244: '=': 'float'에서 'LONG'(으)로 변환하면서 데이터가 손실될 수 있습니다.
C:\Users\ASUS S530FN\Desktop\210329\210329\Iori_1P.cpp(629,22): warning C4244: '=': 'float'에서 'LONG'(으)로 변환하면서 데이터가 손실될 수 있습니다.
C:\Users\ASUS S530FN\Desktop\210329\210329\Iori_1P.cpp(630,29): warning C4244: '=': 'float'에서 'LONG'(으)로 변환하면서 데이터가 손실될 수 있습니다.
C:\Users\ASUS S530FN\Desktop\210329\210329\Iori_1P.cpp(631,62): warning C4244: '=': 'float'에서 'LONG'(으)로 변환하면서 데이터가 손실될 수 있습니다.
C:\Users\ASUS S530FN\Desktop\210329\210329\Iori_1P.cpp(634,64): warning C4244: '=': 'float'에서 'LONG'(으)로 변환하면서 데이터가 손실될 수 있습니다.
C:\Users\ASUS S530FN\Desktop\210329\210329\Iori_1P.cpp(635,22): warning C4244: '=': 'float'에서 'LONG'(으)로 변환하면서 데이터가 손실될 수 있습니다.
C:\Users\ASUS S530FN\Desktop\210329\210329\Iori_1P.cpp(636,29): warning C4244: '=': 'float'에서 'LONG'(으)로 변환하면서 데이터가 손실될 수 있습니다.
C:\Users\ASUS S530FN\Desktop\210329\210329\Iori_1P.cpp(637,62): warning C4244: '=': 'float'에서 'LONG'(으)로 변환하면서 데이터가 손실될 수 있습니다.
C:\Users\ASUS S530FN\Desktop\210329\210329\Iori_1P.cpp(640,64): warning C4244: '=': 'float'에서 'LONG'(으)로 변환하면서 데이터가 손실될 수 있습니다.
C:\Users\ASUS S530FN\Desktop\210329\210329\Iori_1P.cpp(641,22): warning C4244: '=': 'float'에서 'LONG'(으)로 변환하면서 데이터가 손실될 수 있습니다.
C:\Users\ASUS S530FN\Desktop\210329\210329\Iori_1P.cpp(642,29): warning C4244: '=': 'float'에서 'LONG'(으)로 변환하면서 데이터가 손실될 수 있습니다.
C:\Users\ASUS S530FN\Desktop\210329\210329\Iori_1P.cpp(643,62): warning C4244: '=': 'float'에서 'LONG'(으)로 변환하면서 데이터가 손실될 수 있습니다.
C:\Users\ASUS S530FN\Desktop\210329\210329\Iori_1P.cpp(646,65): warning C4244: '=': 'float'에서 'LONG'(으)로 변환하면서 데이터가 손실될 수 있습니다.
C:\Users\ASUS S530FN\Desktop\210329\210329\Iori_1P.cpp(647,22): warning C4244: '=': 'float'에서 'LONG'(으)로 변환하면서 데이터가 손실될 수 있습니다.
C:\Users\ASUS S530FN\Desktop\210329\210329\Iori_1P.cpp(648,29): warning C4244: '=': 'float'에서 'LONG'(으)로 변환하면서 데이터가 손실될 수 있습니다.
C:\Users\ASUS S530FN\Desktop\210329\210329\Iori_1P.cpp(649,62): warning C4244: '=': 'float'에서 'LONG'(으)로 변환하면서 데이터가 손실될 수 있습니다.
C:\Users\ASUS S530FN\Desktop\210329\210329\Iori_1P.cpp(654,66): warning C4244: '=': 'float'에서 'LONG'(으)로 변환하면서 데이터가 손실될 수 있습니다.
C:\Users\ASUS S530FN\Desktop\210329\210329\Iori_1P.cpp(655,23): warning C4244: '=': 'float'에서 'LONG'(으)로 변환하면서 데이터가 손실될 수 있습니다.
C:\Users\ASUS S530FN\Desktop\210329\210329\Iori_1P.cpp(656,31): warning C4244: '=': 'float'에서 'LONG'(으)로 변환하면서 데이터가 손실될 수 있습니다.
C:\Users\ASUS S530FN\Desktop\210329\210329\Iori_1P.cpp(657,63): warning C4244: '=': 'float'에서 'LONG'(으)로 변환하면서 데이터가 손실될 수 있습니다.
C:\Users\ASUS S530FN\Desktop\210329\210329\Iori_1P.cpp(661,66): warning C4244: '=': 'float'에서 'LONG'(으)로 변환하면서 데이터가 손실될 수 있습니다.
C:\Users\ASUS S530FN\Desktop\210329\210329\Iori_1P.cpp(662,23): warning C4244: '=': 'float'에서 'LONG'(으)로 변환하면서 데이터가 손실될 수 있습니다.
C:\Users\ASUS S530FN\Desktop\210329\210329\Iori_1P.cpp(663,31): warning C4244: '=': 'float'에서 'LONG'(으)로 변환하면서 데이터가 손실될 수 있습니다.
C:\Users\ASUS S530FN\Desktop\210329\210329\Iori_1P.cpp(664,63): warning C4244: '=': 'float'에서 'LONG'(으)로 변환하면서 데이터가 손실될 수 있습니다.
C:\Users\ASUS S530FN\Desktop\210329\210329\Iori_1P.cpp(668,65): warning C4244: '=': 'float'에서 'LONG'(으)로 변환하면서 데이터가 손실될 수 있습니다.
C:\Users\ASUS S530FN\Desktop\210329\210329\Iori_1P.cpp(669,23): warning C4244: '=': 'float'에서 'LONG'(으)로 변환하면서 데이터가 손실될 수 있습니다.
C:\Users\ASUS S530FN\Desktop\210329\210329\Iori_1P.cpp(670,31): warning C4244: '=': 'float'에서 'LONG'(으)로 변환하면서 데이터가 손실될 수 있습니다.
C:\Users\ASUS S530FN\Desktop\210329\210329\Iori_1P.cpp(671,63): warning C4244: '=': 'float'에서 'LONG'(으)로 변환하면서 데이터가 손실될 수 있습니다.
C:\Users\ASUS S530FN\Desktop\210329\210329\Iori_1P.cpp(675,65): warning C4244: '=': 'float'에서 'LONG'(으)로 변환하면서 데이터가 손실될 수 있습니다.
C:\Users\ASUS S530FN\Desktop\210329\210329\Iori_1P.cpp(676,23): warning C4244: '=': 'float'에서 'LONG'(으)로 변환하면서 데이터가 손실될 수 있습니다.
C:\Users\ASUS S530FN\Desktop\210329\210329\Iori_1P.cpp(677,31): warning C4244: '=': 'float'에서 'LONG'(으)로 변환하면서 데이터가 손실될 수 있습니다.
C:\Users\ASUS S530FN\Desktop\210329\210329\Iori_1P.cpp(678,63): warning C4244: '=': 'float'에서 'LONG'(으)로 변환하면서 데이터가 손실될 수 있습니다.
C:\Users\ASUS S530FN\Desktop\210329\210329\Iori_1P.cpp(682,65): warning C4244: '=': 'float'에서 'LONG'(으)로 변환하면서 데이터가 손실될 수 있습니다.
C:\Users\ASUS S530FN\Desktop\210329\210329\Iori_1P.cpp(683,22): warning C4244: '=': 'float'에서 'LONG'(으)로 변환하면서 데이터가 손실될 수 있습니다.
C:\Users\ASUS S530FN\Desktop\210329\210329\Iori_1P.cpp(684,29): warning C4244: '=': 'float'에서 'LONG'(으)로 변환하면서 데이터가 손실될 수 있습니다.
C:\Users\ASUS S530FN\Desktop\210329\210329\Iori_1P.cpp(685,62): warning C4244: '=': 'float'에서 'LONG'(으)로 변환하면서 데이터가 손실될 수 있습니다.
C:\Users\ASUS S530FN\Desktop\210329\210329\Iori_1P.cpp(690,30): warning C4244: '=': 'float'에서 'LONG'(으)로 변환하면서 데이터가 손실될 수 있습니다.
C:\Users\ASUS S530FN\Desktop\210329\210329\Iori_1P.cpp(691,23): warning C4244: '=': 'float'에서 'LONG'(으)로 변환하면서 데이터가 손실될 수 있습니다.
C:\Users\ASUS S530FN\Desktop\210329\210329\Iori_1P.cpp(692,30): warning C4244: '=': 'float'에서 'LONG'(으)로 변환하면서 데이터가 손실될 수 있습니다.
C:\Users\ASUS S530FN\Desktop\210329\210329\Iori_1P.cpp(693,63): warning C4244: '=': 'float'에서 'LONG'(으)로 변환하면서 데이터가 손실될 수 있습니다.
C:\Users\ASUS S530FN\Desktop\210329\210329\Iori_1P.cpp(697,30): warning C4244: '=': 'float'에서 'LONG'(으)로 변환하면서 데이터가 손실될 수 있습니다.
C:\Users\ASUS S530FN\Desktop\210329\210329\Iori_1P.cpp(698,23): warning C4244: '=': 'float'에서 'LONG'(으)로 변환하면서 데이터가 손실될 수 있습니다.
C:\Users\ASUS S530FN\Desktop\210329\210329\Iori_1P.cpp(699,30): warning C4244: '=': 'float'에서 'LONG'(으)로 변환하면서 데이터가 손실될 수 있습니다.
C:\Users\ASUS S530FN\Desktop\210329\210329\Iori_1P.cpp(700,63): warning C4244: '=': 'float'에서 'LONG'(으)로 변환하면서 데이터가 손실될 수 있습니다.
C:\Users\ASUS S530FN\Desktop\210329\210329\Iori_1P.cpp(704,30): warning C4244: '=': 'float'에서 'LONG'(으)로 변환하면서 데이터가 손실될 수 있습니다.
C:\Users\ASUS S530FN\Desktop\210329\210329\Iori_1P.cpp(705,23): warning C4244: '=': 'float'에서 'LONG'(으)로 변환하면서 데이터가 손실될 수 있습니다.
C:\Users\ASUS S530FN\Desktop\210329\210329\Iori_1P.cpp(706,30): warning C4244: '=': 'float'에서 'LONG'(으)로 변환하면서 데이터가 손실될 수 있습니다.
C:\Users\ASUS S530FN\Desktop\210329\210329\Iori_1P.cpp(707,63): warning C4244: '=': 'float'에서 'LONG'(으)로 변환하면서 데이터가 손실될 수 있습니다.
C:\Users\ASUS S530FN\Desktop\210329\210329\Iori_1P.cpp(711,30): warning C4244: '=': 'float'에서 'LONG'(으)로 변환하면서 데이터가 손실될 수 있습니다.
C:\Users\ASUS S530FN\Desktop\210329\210329\Iori_1P.cpp(712,23): warning C4244: '=': 'float'에서 'LONG'(으)로 변환하면서 데이터가 손실될 수 있습니다.
C:\Users\ASUS S530FN\Desktop\210329\210329\Iori_1P.cpp(713,30): warning C4244: '=': 'float'에서 'LONG'(으)로 변환하면서 데이터가 손실될 수 있습니다.
C:\Users\ASUS S530FN\Desktop\210329\210329\Iori_1P.cpp(714,63): warning C4244: '=': 'float'에서 'LONG'(으)로 변환하면서 데이터가 손실될 수 있습니다.
C:\Users\ASUS S530FN\Desktop\210329\210329\Iori_1P.cpp(721,66): warning C4244: '=': 'float'에서 'LONG'(으)로 변환하면서 데이터가 손실될 수 있습니다.
C:\Users\ASUS S530FN\Desktop\210329\210329\Iori_1P.cpp(722,23): warning C4244: '=': 'float'에서 'LONG'(으)로 변환하면서 데이터가 손실될 수 있습니다.
C:\Users\ASUS S530FN\Desktop\210329\210329\Iori_1P.cpp(723,31): warning C4244: '=': 'float'에서 'LONG'(으)로 변환하면서 데이터가 손실될 수 있습니다.
C:\Users\ASUS S530FN\Desktop\210329\210329\Iori_1P.cpp(724,63): warning C4244: '=': 'float'에서 'LONG'(으)로 변환하면서 데이터가 손실될 수 있습니다.
C:\Users\ASUS S530FN\Desktop\210329\210329\Iori_1P.cpp(728,66): warning C4244: '=': 'float'에서 'LONG'(으)로 변환하면서 데이터가 손실될 수 있습니다.
C:\Users\ASUS S530FN\Desktop\210329\210329\Iori_1P.cpp(729,23): warning C4244: '=': 'float'에서 'LONG'(으)로 변환하면서 데이터가 손실될 수 있습니다.
C:\Users\ASUS S530FN\Desktop\210329\210329\Iori_1P.cpp(730,31): warning C4244: '=': 'float'에서 'LONG'(으)로 변환하면서 데이터가 손실될 수 있습니다.
C:\Users\ASUS S530FN\Desktop\210329\210329\Iori_1P.cpp(731,63): warning C4244: '=': 'float'에서 'LONG'(으)로 변환하면서 데이터가 손실될 수 있습니다.
C:\Users\ASUS S530FN\Desktop\210329\210329\Iori_1P.cpp(735,66): warning C4244: '=': 'float'에서 'LONG'(으)로 변환하면서 데이터가 손실될 수 있습니다.
C:\Users\ASUS S530FN\Desktop\210329\210329\Iori_1P.cpp(736,23): warning C4244: '=': 'float'에서 'LONG'(으)로 변환하면서 데이터가 손실될 수 있습니다.
C:\Users\ASUS S530FN\Desktop\210329\210329\Iori_1P.cpp(737,31): warning C4244: '=': 'float'에서 'LONG'(으)로 변환하면서 데이터가 손실될 수 있습니다.
C:\Users\ASUS S530FN\Desktop\210329\210329\Iori_1P.cpp(738,63): warning C4244: '=': 'float'에서 'LONG'(으)로 변환하면서 데이터가 손실될 수 있습니다.
C:\Users\ASUS S530FN\Desktop\210329\210329\Iori_1P.cpp(742,66): warning C4244: '=': 'float'에서 'LONG'(으)로 변환하면서 데이터가 손실될 수 있습니다.
C:\Users\ASUS S530FN\Desktop\210329\210329\Iori_1P.cpp(743,23): warning C4244: '=': 'float'에서 'LONG'(으)로 변환하면서 데이터가 손실될 수 있습니다.
C:\Users\ASUS S530FN\Desktop\210329\210329\Iori_1P.cpp(744,31): warning C4244: '=': 'float'에서 'LONG'(으)로 변환하면서 데이터가 손실될 수 있습니다.
C:\Users\ASUS S530FN\Desktop\210329\210329\Iori_1P.cpp(745,63): warning C4244: '=': 'float'에서 'LONG'(으)로 변환하면서 데이터가 손실될 수 있습니다.
C:\Users\ASUS S530FN\Desktop\210329\210329\Iori_1P.cpp(751,66): warning C4244: '=': 'float'에서 'LONG'(으)로 변환하면서 데이터가 손실될 수 있습니다.
C:\Users\ASUS S530FN\Desktop\210329\210329\Iori_1P.cpp(752,23): warning C4244: '=': 'float'에서 'LONG'(으)로 변환하면서 데이터가 손실될 수 있습니다.
C:\Users\ASUS S530FN\Desktop\210329\210329\Iori_1P.cpp(753,30): warning C4244: '=': 'float'에서 'LONG'(으)로 변환하면서 데이터가 손실될 수 있습니다.
C:\Users\ASUS S530FN\Desktop\210329\210329\Iori_1P.cpp(754,63): warning C4244: '=': 'float'에서 'LONG'(으)로 변환하면서 데이터가 손실될 수 있습니다.
C:\Users\ASUS S530FN\Desktop\210329\210329\Iori_1P.cpp(758,66): warning C4244: '=': 'float'에서 'LONG'(으)로 변환하면서 데이터가 손실될 수 있습니다.
C:\Users\ASUS S530FN\Desktop\210329\210329\Iori_1P.cpp(759,23): warning C4244: '=': 'float'에서 'LONG'(으)로 변환하면서 데이터가 손실될 수 있습니다.
C:\Users\ASUS S530FN\Desktop\210329\210329\Iori_1P.cpp(760,31): warning C4244: '=': 'float'에서 'LONG'(으)로 변환하면서 데이터가 손실될 수 있습니다.
C:\Users\ASUS S530FN\Desktop\210329\210329\Iori_1P.cpp(761,63): warning C4244: '=': 'float'에서 'LONG'(으)로 변환하면서 데이터가 손실될 수 있습니다.
C:\Users\ASUS S530FN\Desktop\210329\210329\Iori_1P.cpp(765,66): warning C4244: '=': 'float'에서 'LONG'(으)로 변환하면서 데이터가 손실될 수 있습니다.
C:\Users\ASUS S530FN\Desktop\210329\210329\Iori_1P.cpp(766,23): warning C4244: '=': 'float'에서 'LONG'(으)로 변환하면서 데이터가 손실될 수 있습니다.
C:\Users\ASUS S530FN\Desktop\210329\210329\Iori_1P.cpp(767,31): warning C4244: '=': 'float'에서 'LONG'(으)로 변환하면서 데이터가 손실될 수 있습니다.
C:\Users\ASUS S530FN\Desktop\210329\210329\Iori_1P.cpp(768,63): warning C4244: '=': 'float'에서 'LONG'(으)로 변환하면서 데이터가 손실될 수 있습니다.
C:\Users\ASUS S530FN\Desktop\210329\210329\Iori_1P.cpp(772,66): warning C4244: '=': 'float'에서 'LONG'(으)로 변환하면서 데이터가 손실될 수 있습니다.
C:\Users\ASUS S530FN\Desktop\210329\210329\Iori_1P.cpp(773,23): warning C4244: '=': 'float'에서 'LONG'(으)로 변환하면서 데이터가 손실될 수 있습니다.
C:\Users\ASUS S530FN\Desktop\210329\210329\Iori_1P.cpp(774,30): warning C4244: '=': 'float'에서 'LONG'(으)로 변환하면서 데이터가 손실될 수 있습니다.
C:\Users\ASUS S530FN\Desktop\210329\210329\Iori_1P.cpp(775,63): warning C4244: '=': 'float'에서 'LONG'(으)로 변환하면서 데이터가 손실될 수 있습니다.
C:\Users\ASUS S530FN\Desktop\210329\210329\Iori_1P.cpp(779,60): warning C4244: '=': 'float'에서 'LONG'(으)로 변환하면서 데이터가 손실될 수 있습니다.
C:\Users\ASUS S530FN\Desktop\210329\210329\Iori_1P.cpp(780,23): warning C4244: '=': 'float'에서 'LONG'(으)로 변환하면서 데이터가 손실될 수 있습니다.
C:\Users\ASUS S530FN\Desktop\210329\210329\Iori_1P.cpp(781,30): warning C4244: '=': 'float'에서 'LONG'(으)로 변환하면서 데이터가 손실될 수 있습니다.
C:\Users\ASUS S530FN\Desktop\210329\210329\Iori_1P.cpp(782,63): warning C4244: '=': 'float'에서 'LONG'(으)로 변환하면서 데이터가 손실될 수 있습니다.
C:\Users\ASUS S530FN\Desktop\210329\210329\Iori_1P.cpp(798,27): warning C4244: '=': 'float'에서 'LONG'(으)로 변환하면서 데이터가 손실될 수 있습니다.
C:\Users\ASUS S530FN\Desktop\210329\210329\Iori_1P.cpp(799,26): warning C4244: '=': 'float'에서 'LONG'(으)로 변환하면서 데이터가 손실될 수 있습니다.
C:\Users\ASUS S530FN\Desktop\210329\210329\Iori_1P.cpp(800,28): warning C4244: '=': 'float'에서 'LONG'(으)로 변환하면서 데이터가 손실될 수 있습니다.
C:\Users\ASUS S530FN\Desktop\210329\210329\Iori_1P.cpp(801,29): warning C4244: '=': 'float'에서 'LONG'(으)로 변환하면서 데이터가 손실될 수 있습니다.
C:\Users\ASUS S530FN\Desktop\210329\210329\Iori_1P.cpp(814,27): warning C4244: '=': 'float'에서 'LONG'(으)로 변환하면서 데이터가 손실될 수 있습니다.
C:\Users\ASUS S530FN\Desktop\210329\210329\Iori_1P.cpp(815,26): warning C4244: '=': 'float'에서 'LONG'(으)로 변환하면서 데이터가 손실될 수 있습니다.
C:\Users\ASUS S530FN\Desktop\210329\210329\Iori_1P.cpp(816,28): warning C4244: '=': 'float'에서 'LONG'(으)로 변환하면서 데이터가 손실될 수 있습니다.
C:\Users\ASUS S530FN\Desktop\210329\210329\Iori_1P.cpp(817,29): warning C4244: '=': 'float'에서 'LONG'(으)로 변환하면서 데이터가 손실될 수 있습니다.
C:\Users\ASUS S530FN\Desktop\210329\210329\Iori_1P.cpp(830,27): warning C4244: '=': 'float'에서 'LONG'(으)로 변환하면서 데이터가 손실될 수 있습니다.
C:\Users\ASUS S530FN\Desktop\210329\210329\Iori_1P.cpp(831,26): warning C4244: '=': 'float'에서 'LONG'(으)로 변환하면서 데이터가 손실될 수 있습니다.
C:\Users\ASUS S530FN\Desktop\210329\210329\Iori_1P.cpp(832,28): warning C4244: '=': 'float'에서 'LONG'(으)로 변환하면서 데이터가 손실될 수 있습니다.
C:\Users\ASUS S530FN\Desktop\210329\210329\Iori_1P.cpp(833,29): warning C4244: '=': 'float'에서 'LONG'(으)로 변환하면서 데이터가 손실될 수 있습니다.
C:\Users\ASUS S530FN\Desktop\210329\210329\Iori_1P.cpp(846,27): warning C4244: '=': 'float'에서 'LONG'(으)로 변환하면서 데이터가 손실될 수 있습니다.
C:\Users\ASUS S530FN\Desktop\210329\210329\Iori_1P.cpp(847,26): warning C4244: '=': 'float'에서 'LONG'(으)로 변환하면서 데이터가 손실될 수 있습니다.
C:\Users\ASUS S530FN\Desktop\210329\210329\Iori_1P.cpp(848,28): warning C4244: '=': 'float'에서 'LONG'(으)로 변환하면서 데이터가 손실될 수 있습니다.
C:\Users\ASUS S530FN\Desktop\210329\210329\Iori_1P.cpp(849,29): warning C4244: '=': 'float'에서 'LONG'(으)로 변환하면서 데이터가 손실될 수 있습니다.
C:\Users\ASUS S530FN\Desktop\210329\210329\Iori_1P.cpp(862,27): warning C4244: '=': 'float'에서 'LONG'(으)로 변환하면서 데이터가 손실될 수 있습니다.
C:\Users\ASUS S530FN\Desktop\210329\210329\Iori_1P.cpp(863,26): warning C4244: '=': 'float'에서 'LONG'(으)로 변환하면서 데이터가 손실될 수 있습니다.
C:\Users\ASUS S530FN\Desktop\210329\210329\Iori_1P.cpp(864,28): warning C4244: '=': 'float'에서 'LONG'(으)로 변환하면서 데이터가 손실될 수 있습니다.
C:\Users\ASUS S530FN\Desktop\210329\210329\Iori_1P.cpp(865,29): warning C4244: '=': 'float'에서 'LONG'(으)로 변환하면서 데이터가 손실될 수 있습니다.
C:\Users\ASUS S530FN\Desktop\210329\210329\Iori_1P.cpp(869,27): warning C4244: '=': 'float'에서 'LONG'(으)로 변환하면서 데이터가 손실될 수 있습니다.
C:\Users\ASUS S530FN\Desktop\210329\210329\Iori_1P.cpp(870,26): warning C4244: '=': 'float'에서 'LONG'(으)로 변환하면서 데이터가 손실될 수 있습니다.
C:\Users\ASUS S530FN\Desktop\210329\210329\Iori_1P.cpp(871,28): warning C4244: '=': 'float'에서 'LONG'(으)로 변환하면서 데이터가 손실될 수 있습니다.
C:\Users\ASUS S530FN\Desktop\210329\210329\Iori_1P.cpp(872,29): warning C4244: '=': 'float'에서 'LONG'(으)로 변환하면서 데이터가 손실될 수 있습니다.
C:\Users\ASUS S530FN\Desktop\210329\210329\Iori_1P.cpp(876,27): warning C4244: '=': 'float'에서 'LONG'(으)로 변환하면서 데이터가 손실될 수 있습니다.
C:\Users\ASUS S530FN\Desktop\210329\210329\Iori_1P.cpp(877,26): warning C4244: '=': 'float'에서 'LONG'(으)로 변환하면서 데이터가 손실될 수 있습니다.
C:\Users\ASUS S530FN\Desktop\210329\210329\Iori_1P.cpp(878,28): warning C4244: '=': 'float'에서 'LONG'(으)로 변환하면서 데이터가 손실될 수 있습니다.
C:\Users\ASUS S530FN\Desktop\210329\210329\Iori_1P.cpp(879,29): warning C4244: '=': 'float'에서 'LONG'(으)로 변환하면서 데이터가 손실될 수 있습니다.
C:\Users\ASUS S530FN\Desktop\210329\210329\Iori_1P.cpp(883,27): warning C4244: '=': 'float'에서 'LONG'(으)로 변환하면서 데이터가 손실될 수 있습니다.
C:\Users\ASUS S530FN\Desktop\210329\210329\Iori_1P.cpp(884,26): warning C4244: '=': 'float'에서 'LONG'(으)로 변환하면서 데이터가 손실될 수 있습니다.
C:\Users\ASUS S530FN\Desktop\210329\210329\Iori_1P.cpp(885,28): warning C4244: '=': 'float'에서 'LONG'(으)로 변환하면서 데이터가 손실될 수 있습니다.
C:\Users\ASUS S530FN\Desktop\210329\210329\Iori_1P.cpp(886,29): warning C4244: '=': 'float'에서 'LONG'(으)로 변환하면서 데이터가 손실될 수 있습니다.
C:\Users\ASUS S530FN\Desktop\210329\210329\Iori_1P.cpp(890,27): warning C4244: '=': 'float'에서 'LONG'(으)로 변환하면서 데이터가 손실될 수 있습니다.
C:\Users\ASUS S530FN\Desktop\210329\210329\Iori_1P.cpp(891,26): warning C4244: '=': 'float'에서 'LONG'(으)로 변환하면서 데이터가 손실될 수 있습니다.
C:\Users\ASUS S530FN\Desktop\210329\210329\Iori_1P.cpp(892,28): warning C4244: '=': 'float'에서 'LONG'(으)로 변환하면서 데이터가 손실될 수 있습니다.
C:\Users\ASUS S530FN\Desktop\210329\210329\Iori_1P.cpp(893,29): warning C4244: '=': 'float'에서 'LONG'(으)로 변환하면서 데이터가 손실될 수 있습니다.
C:\Users\ASUS S530FN\Desktop\210329\210329\Iori_1P.cpp(897,27): warning C4244: '=': 'float'에서 'LONG'(으)로 변환하면서 데이터가 손실될 수 있습니다.
C:\Users\ASUS S530FN\Desktop\210329\210329\Iori_1P.cpp(898,26): warning C4244: '=': 'float'에서 'LONG'(으)로 변환하면서 데이터가 손실될 수 있습니다.
C:\Users\ASUS S530FN\Desktop\210329\210329\Iori_1P.cpp(899,28): warning C4244: '=': 'float'에서 'LONG'(으)로 변환하면서 데이터가 손실될 수 있습니다.
C:\Users\ASUS S530FN\Desktop\210329\210329\Iori_1P.cpp(900,29): warning C4244: '=': 'float'에서 'LONG'(으)로 변환하면서 데이터가 손실될 수 있습니다.
C:\Users\ASUS S530FN\Desktop\210329\210329\Iori_1P.cpp(904,27): warning C4244: '=': 'float'에서 'LONG'(으)로 변환하면서 데이터가 손실될 수 있습니다.
C:\Users\ASUS S530FN\Desktop\210329\210329\Iori_1P.cpp(905,26): warning C4244: '=': 'float'에서 'LONG'(으)로 변환하면서 데이터가 손실될 수 있습니다.
C:\Users\ASUS S530FN\Desktop\210329\210329\Iori_1P.cpp(906,28): warning C4244: '=': 'float'에서 'LONG'(으)로 변환하면서 데이터가 손실될 수 있습니다.
C:\Users\ASUS S530FN\Desktop\210329\210329\Iori_1P.cpp(907,29): warning C4244: '=': 'float'에서 'LONG'(으)로 변환하면서 데이터가 손실될 수 있습니다.
C:\Users\ASUS S530FN\Desktop\210329\210329\Iori_1P.cpp(911,27): warning C4244: '=': 'float'에서 'LONG'(으)로 변환하면서 데이터가 손실될 수 있습니다.
C:\Users\ASUS S530FN\Desktop\210329\210329\Iori_1P.cpp(912,26): warning C4244: '=': 'float'에서 'LONG'(으)로 변환하면서 데이터가 손실될 수 있습니다.
C:\Users\ASUS S530FN\Desktop\210329\210329\Iori_1P.cpp(913,28): warning C4244: '=': 'float'에서 'LONG'(으)로 변환하면서 데이터가 손실될 수 있습니다.
C:\Users\ASUS S530FN\Desktop\210329\210329\Iori_1P.cpp(914,29): warning C4244: '=': 'float'에서 'LONG'(으)로 변환하면서 데이터가 손실될 수 있습니다.
C:\Users\ASUS S530FN\Desktop\210329\210329\Iori_1P.cpp(918,27): warning C4244: '=': 'float'에서 'LONG'(으)로 변환하면서 데이터가 손실될 수 있습니다.
C:\Users\ASUS S530FN\Desktop\210329\210329\Iori_1P.cpp(919,26): warning C4244: '=': 'float'에서 'LONG'(으)로 변환하면서 데이터가 손실될 수 있습니다.
C:\Users\ASUS S530FN\Desktop\210329\210329\Iori_1P.cpp(920,28): warning C4244: '=': 'float'에서 'LONG'(으)로 변환하면서 데이터가 손실될 수 있습니다.
C:\Users\ASUS S530FN\Desktop\210329\210329\Iori_1P.cpp(921,29): warning C4244: '=': 'float'에서 'LONG'(으)로 변환하면서 데이터가 손실될 수 있습니다.
C:\Users\ASUS S530FN\Desktop\210329\210329\Iori_1P.cpp(925,27): warning C4244: '=': 'float'에서 'LONG'(으)로 변환하면서 데이터가 손실될 수 있습니다.
C:\Users\ASUS S530FN\Desktop\210329\210329\Iori_1P.cpp(926,26): warning C4244: '=': 'float'에서 'LONG'(으)로 변환하면서 데이터가 손실될 수 있습니다.
C:\Users\ASUS S530FN\Desktop\210329\210329\Iori_1P.cpp(927,28): warning C4244: '=': 'float'에서 'LONG'(으)로 변환하면서 데이터가 손실될 수 있습니다.
C:\Users\ASUS S530FN\Desktop\210329\210329\Iori_1P.cpp(928,29): warning C4244: '=': 'float'에서 'LONG'(으)로 변환하면서 데이터가 손실될 수 있습니다.
C:\Users\ASUS S530FN\Desktop\210329\210329\Iori_1P.cpp(932,27): warning C4244: '=': 'float'에서 'LONG'(으)로 변환하면서 데이터가 손실될 수 있습니다.
C:\Users\ASUS S530FN\Desktop\210329\210329\Iori_1P.cpp(933,26): warning C4244: '=': 'float'에서 'LONG'(으)로 변환하면서 데이터가 손실될 수 있습니다.
C:\Users\ASUS S530FN\Desktop\210329\210329\Iori_1P.cpp(934,28): warning C4244: '=': 'float'에서 'LONG'(으)로 변환하면서 데이터가 손실될 수 있습니다.
C:\Users\ASUS S530FN\Desktop\210329\210329\Iori_1P.cpp(935,29): warning C4244: '=': 'float'에서 'LONG'(으)로 변환하면서 데이터가 손실될 수 있습니다.
C:\Users\ASUS S530FN\Desktop\210329\210329\Iori_1P.cpp(939,27): warning C4244: '=': 'float'에서 'LONG'(으)로 변환하면서 데이터가 손실될 수 있습니다.
C:\Users\ASUS S530FN\Desktop\210329\210329\Iori_1P.cpp(940,26): warning C4244: '=': 'float'에서 'LONG'(으)로 변환하면서 데이터가 손실될 수 있습니다.
C:\Users\ASUS S530FN\Desktop\210329\210329\Iori_1P.cpp(941,28): warning C4244: '=': 'float'에서 'LONG'(으)로 변환하면서 데이터가 손실될 수 있습니다.
C:\Users\ASUS S530FN\Desktop\210329\210329\Iori_1P.cpp(942,29): warning C4244: '=': 'float'에서 'LONG'(으)로 변환하면서 데이터가 손실될 수 있습니다.
C:\Users\ASUS S530FN\Desktop\210329\210329\Iori_1P.cpp(963,34): warning C4244: '=': 'float'에서 'LONG'(으)로 변환하면서 데이터가 손실될 수 있습니다.
C:\Users\ASUS S530FN\Desktop\210329\210329\Iori_1P.cpp(964,26): warning C4244: '=': 'float'에서 'LONG'(으)로 변환하면서 데이터가 손실될 수 있습니다.
C:\Users\ASUS S530FN\Desktop\210329\210329\Iori_1P.cpp(965,33): warning C4244: '=': 'float'에서 'LONG'(으)로 변환하면서 데이터가 손실될 수 있습니다.
C:\Users\ASUS S530FN\Desktop\210329\210329\Iori_1P.cpp(966,29): warning C4244: '=': 'float'에서 'LONG'(으)로 변환하면서 데이터가 손실될 수 있습니다.
C:\Users\ASUS S530FN\Desktop\210329\210329\Iori_1P.cpp(979,34): warning C4244: '=': 'float'에서 'LONG'(으)로 변환하면서 데이터가 손실될 수 있습니다.
C:\Users\ASUS S530FN\Desktop\210329\210329\Iori_1P.cpp(980,26): warning C4244: '=': 'float'에서 'LONG'(으)로 변환하면서 데이터가 손실될 수 있습니다.
C:\Users\ASUS S530FN\Desktop\210329\210329\Iori_1P.cpp(981,33): warning C4244: '=': 'float'에서 'LONG'(으)로 변환하면서 데이터가 손실될 수 있습니다.
C:\Users\ASUS S530FN\Desktop\210329\210329\Iori_1P.cpp(982,29): warning C4244: '=': 'float'에서 'LONG'(으)로 변환하면서 데이터가 손실될 수 있습니다.
C:\Users\ASUS S530FN\Desktop\210329\210329\Iori_1P.cpp(995,34): warning C4244: '=': 'float'에서 'LONG'(으)로 변환하면서 데이터가 손실될 수 있습니다.
C:\Users\ASUS S530FN\Desktop\210329\210329\Iori_1P.cpp(996,26): warning C4244: '=': 'float'에서 'LONG'(으)로 변환하면서 데이터가 손실될 수 있습니다.
C:\Users\ASUS S530FN\Desktop\210329\210329\Iori_1P.cpp(997,33): warning C4244: '=': 'float'에서 'LONG'(으)로 변환하면서 데이터가 손실될 수 있습니다.
C:\Users\ASUS S530FN\Desktop\210329\210329\Iori_1P.cpp(998,29): warning C4244: '=': 'float'에서 'LONG'(으)로 변환하면서 데이터가 손실될 수 있습니다.
C:\Users\ASUS S530FN\Desktop\210329\210329\Iori_1P.cpp(1011,34): warning C4244: '=': 'float'에서 'LONG'(으)로 변환하면서 데이터가 손실될 수 있습니다.
C:\Users\ASUS S530FN\Desktop\210329\210329\Iori_1P.cpp(1012,26): warning C4244: '=': 'float'에서 'LONG'(으)로 변환하면서 데이터가 손실될 수 있습니다.
C:\Users\ASUS S530FN\Desktop\210329\210329\Iori_1P.cpp(1013,33): warning C4244: '=': 'float'에서 'LONG'(으)로 변환하면서 데이터가 손실될 수 있습니다.
C:\Users\ASUS S530FN\Desktop\210329\210329\Iori_1P.cpp(1014,29): warning C4244: '=': 'float'에서 'LONG'(으)로 변환하면서 데이터가 손실될 수 있습니다.
C:\Users\ASUS S530FN\Desktop\210329\210329\Iori_1P.cpp(1027,34): warning C4244: '=': 'float'에서 'LONG'(으)로 변환하면서 데이터가 손실될 수 있습니다.
C:\Users\ASUS S530FN\Desktop\210329\210329\Iori_1P.cpp(1028,26): warning C4244: '=': 'float'에서 'LONG'(으)로 변환하면서 데이터가 손실될 수 있습니다.
C:\Users\ASUS S530FN\Desktop\210329\210329\Iori_1P.cpp(1029,33): warning C4244: '=': 'float'에서 'LONG'(으)로 변환하면서 데이터가 손실될 수 있습니다.
C:\Users\ASUS S530FN\Desktop\210329\210329\Iori_1P.cpp(1030,29): warning C4244: '=': 'float'에서 'LONG'(으)로 변환하면서 데이터가 손실될 수 있습니다.
C:\Users\ASUS S530FN\Desktop\210329\210329\Iori_1P.cpp(1034,34): warning C4244: '=': 'float'에서 'LONG'(으)로 변환하면서 데이터가 손실될 수 있습니다.
C:\Users\ASUS S530FN\Desktop\210329\210329\Iori_1P.cpp(1035,26): warning C4244: '=': 'float'에서 'LONG'(으)로 변환하면서 데이터가 손실될 수 있습니다.
C:\Users\ASUS S530FN\Desktop\210329\210329\Iori_1P.cpp(1036,33): warning C4244: '=': 'float'에서 'LONG'(으)로 변환하면서 데이터가 손실될 수 있습니다.
C:\Users\ASUS S530FN\Desktop\210329\210329\Iori_1P.cpp(1037,29): warning C4244: '=': 'float'에서 'LONG'(으)로 변환하면서 데이터가 손실될 수 있습니다.
C:\Users\ASUS S530FN\Desktop\210329\210329\Iori_1P.cpp(1041,34): warning C4244: '=': 'float'에서 'LONG'(으)로 변환하면서 데이터가 손실될 수 있습니다.
C:\Users\ASUS S530FN\Desktop\210329\210329\Iori_1P.cpp(1042,26): warning C4244: '=': 'float'에서 'LONG'(으)로 변환하면서 데이터가 손실될 수 있습니다.
C:\Users\ASUS S530FN\Desktop\210329\210329\Iori_1P.cpp(1043,33): warning C4244: '=': 'float'에서 'LONG'(으)로 변환하면서 데이터가 손실될 수 있습니다.
C:\Users\ASUS S530FN\Desktop\210329\210329\Iori_1P.cpp(1044,29): warning C4244: '=': 'float'에서 'LONG'(으)로 변환하면서 데이터가 손실될 수 있습니다.
C:\Users\ASUS S530FN\Desktop\210329\210329\Iori_1P.cpp(1048,34): warning C4244: '=': 'float'에서 'LONG'(으)로 변환하면서 데이터가 손실될 수 있습니다.
C:\Users\ASUS S530FN\Desktop\210329\210329\Iori_1P.cpp(1049,26): warning C4244: '=': 'float'에서 'LONG'(으)로 변환하면서 데이터가 손실될 수 있습니다.
C:\Users\ASUS S530FN\Desktop\210329\210329\Iori_1P.cpp(1050,33): warning C4244: '=': 'float'에서 'LONG'(으)로 변환하면서 데이터가 손실될 수 있습니다.
C:\Users\ASUS S530FN\Desktop\210329\210329\Iori_1P.cpp(1051,29): warning C4244: '=': 'float'에서 'LONG'(으)로 변환하면서 데이터가 손실될 수 있습니다.
C:\Users\ASUS S530FN\Desktop\210329\210329\Iori_1P.cpp(1055,34): warning C4244: '=': 'float'에서 'LONG'(으)로 변환하면서 데이터가 손실될 수 있습니다.
C:\Users\ASUS S530FN\Desktop\210329\210329\Iori_1P.cpp(1056,26): warning C4244: '=': 'float'에서 'LONG'(으)로 변환하면서 데이터가 손실될 수 있습니다.
C:\Users\ASUS S530FN\Desktop\210329\210329\Iori_1P.cpp(1057,33): warning C4244: '=': 'float'에서 'LONG'(으)로 변환하면서 데이터가 손실될 수 있습니다.
C:\Users\ASUS S530FN\Desktop\210329\210329\Iori_1P.cpp(1058,29): warning C4244: '=': 'float'에서 'LONG'(으)로 변환하면서 데이터가 손실될 수 있습니다.
C:\Users\ASUS S530FN\Desktop\210329\210329\Iori_1P.cpp(1062,34): warning C4244: '=': 'float'에서 'LONG'(으)로 변환하면서 데이터가 손실될 수 있습니다.
C:\Users\ASUS S530FN\Desktop\210329\210329\Iori_1P.cpp(1063,26): warning C4244: '=': 'float'에서 'LONG'(으)로 변환하면서 데이터가 손실될 수 있습니다.
C:\Users\ASUS S530FN\Desktop\210329\210329\Iori_1P.cpp(1064,33): warning C4244: '=': 'float'에서 'LONG'(으)로 변환하면서 데이터가 손실될 수 있습니다.
C:\Users\ASUS S530FN\Desktop\210329\210329\Iori_1P.cpp(1065,29): warning C4244: '=': 'float'에서 'LONG'(으)로 변환하면서 데이터가 손실될 수 있습니다.
C:\Users\ASUS S530FN\Desktop\210329\210329\Iori_1P.cpp(1069,34): warning C4244: '=': 'float'에서 'LONG'(으)로 변환하면서 데이터가 손실될 수 있습니다.
C:\Users\ASUS S530FN\Desktop\210329\210329\Iori_1P.cpp(1070,26): warning C4244: '=': 'float'에서 'LONG'(으)로 변환하면서 데이터가 손실될 수 있습니다.
C:\Users\ASUS S530FN\Desktop\210329\210329\Iori_1P.cpp(1071,33): warning C4244: '=': 'float'에서 'LONG'(으)로 변환하면서 데이터가 손실될 수 있습니다.
C:\Users\ASUS S530FN\Desktop\210329\210329\Iori_1P.cpp(1072,29): warning C4244: '=': 'float'에서 'LONG'(으)로 변환하면서 데이터가 손실될 수 있습니다.
C:\Users\ASUS S530FN\Desktop\210329\210329\Iori_1P.cpp(1076,34): warning C4244: '=': 'float'에서 'LONG'(으)로 변환하면서 데이터가 손실될 수 있습니다.
C:\Users\ASUS S530FN\Desktop\210329\210329\Iori_1P.cpp(1077,26): warning C4244: '=': 'float'에서 'LONG'(으)로 변환하면서 데이터가 손실될 수 있습니다.
C:\Users\ASUS S530FN\Desktop\210329\210329\Iori_1P.cpp(1078,33): warning C4244: '=': 'float'에서 'LONG'(으)로 변환하면서 데이터가 손실될 수 있습니다.
C:\Users\ASUS S530FN\Desktop\210329\210329\Iori_1P.cpp(1079,29): warning C4244: '=': 'float'에서 'LONG'(으)로 변환하면서 데이터가 손실될 수 있습니다.
C:\Users\ASUS S530FN\Desktop\210329\210329\Iori_1P.cpp(1083,34): warning C4244: '=': 'float'에서 'LONG'(으)로 변환하면서 데이터가 손실될 수 있습니다.
C:\Users\ASUS S530FN\Desktop\210329\210329\Iori_1P.cpp(1084,26): warning C4244: '=': 'float'에서 'LONG'(으)로 변환하면서 데이터가 손실될 수 있습니다.
C:\Users\ASUS S530FN\Desktop\210329\210329\Iori_1P.cpp(1085,33): warning C4244: '=': 'float'에서 'LONG'(으)로 변환하면서 데이터가 손실될 수 있습니다.
C:\Users\ASUS S530FN\Desktop\210329\210329\Iori_1P.cpp(1086,29): warning C4244: '=': 'float'에서 'LONG'(으)로 변환하면서 데이터가 손실될 수 있습니다.
C:\Users\ASUS S530FN\Desktop\210329\210329\Iori_1P.cpp(1090,34): warning C4244: '=': 'float'에서 'LONG'(으)로 변환하면서 데이터가 손실될 수 있습니다.
C:\Users\ASUS S530FN\Desktop\210329\210329\Iori_1P.cpp(1091,26): warning C4244: '=': 'float'에서 'LONG'(으)로 변환하면서 데이터가 손실될 수 있습니다.
C:\Users\ASUS S530FN\Desktop\210329\210329\Iori_1P.cpp(1092,33): warning C4244: '=': 'float'에서 'LONG'(으)로 변환하면서 데이터가 손실될 수 있습니다.
C:\Users\ASUS S530FN\Desktop\210329\210329\Iori_1P.cpp(1093,29): warning C4244: '=': 'float'에서 'LONG'(으)로 변환하면서 데이터가 손실될 수 있습니다.
C:\Users\ASUS S530FN\Desktop\210329\210329\Iori_1P.cpp(1097,34): warning C4244: '=': 'float'에서 'LONG'(으)로 변환하면서 데이터가 손실될 수 있습니다.
C:\Users\ASUS S530FN\Desktop\210329\210329\Iori_1P.cpp(1098,26): warning C4244: '=': 'float'에서 'LONG'(으)로 변환하면서 데이터가 손실될 수 있습니다.
C:\Users\ASUS S530FN\Desktop\210329\210329\Iori_1P.cpp(1099,33): warning C4244: '=': 'float'에서 'LONG'(으)로 변환하면서 데이터가 손실될 수 있습니다.
C:\Users\ASUS S530FN\Desktop\210329\210329\Iori_1P.cpp(1100,29): warning C4244: '=': 'float'에서 'LONG'(으)로 변환하면서 데이터가 손실될 수 있습니다.
C:\Users\ASUS S530FN\Desktop\210329\210329\Iori_1P.cpp(1104,34): warning C4244: '=': 'float'에서 'LONG'(으)로 변환하면서 데이터가 손실될 수 있습니다.
C:\Users\ASUS S530FN\Desktop\210329\210329\Iori_1P.cpp(1105,26): warning C4244: '=': 'float'에서 'LONG'(으)로 변환하면서 데이터가 손실될 수 있습니다.
C:\Users\ASUS S530FN\Desktop\210329\210329\Iori_1P.cpp(1106,33): warning C4244: '=': 'float'에서 'LONG'(으)로 변환하면서 데이터가 손실될 수 있습니다.
C:\Users\ASUS S530FN\Desktop\210329\210329\Iori_1P.cpp(1107,29): warning C4244: '=': 'float'에서 'LONG'(으)로 변환하면서 데이터가 손실될 수 있습니다.
  Iori_2P.cpp
C:\Users\ASUS S530FN\Desktop\210329\210329\Iori_2P.h(56,35): warning C4244: 'return': 'float'에서 'int'(으)로 변환하면서 데이터가 손실될 수 있습니다.
C:\Users\ASUS S530FN\Desktop\210329\210329\CommonFunction.h(86,15): warning C4244: '=': 'double'에서 'float'(으)로 변환하면서 데이터가 손실될 수 있습니다.
C:\Users\ASUS S530FN\Desktop\210329\210329\Iori_2P.cpp(254,35): warning C4267: '초기화 중': 'size_t'에서 'int'(으)로 변환하면서 데이터가 손실될 수 있습니다.
C:\Users\ASUS S530FN\Desktop\210329\210329\Iori_2P.cpp(314,45): warning C4267: '인수': 'size_t'에서 'int'(으)로 변환하면서 데이터가 손실될 수 있습니다.
C:\Users\ASUS S530FN\Desktop\210329\210329\Iori_2P.cpp(320,58): warning C4267: '인수': 'size_t'에서 'int'(으)로 변환하면서 데이터가 손실될 수 있습니다.
C:\Users\ASUS S530FN\Desktop\210329\210329\Iori_2P.cpp(330,33): warning C4244: '인수': 'float'에서 'int'(으)로 변환하면서 데이터가 손실될 수 있습니다.
C:\Users\ASUS S530FN\Desktop\210329\210329\Iori_2P.cpp(330,26): warning C4244: '인수': 'float'에서 'int'(으)로 변환하면서 데이터가 손실될 수 있습니다.
C:\Users\ASUS S530FN\Desktop\210329\210329\Iori_2P.cpp(336,33): warning C4244: '인수': 'float'에서 'int'(으)로 변환하면서 데이터가 손실될 수 있습니다.
C:\Users\ASUS S530FN\Desktop\210329\210329\Iori_2P.cpp(336,26): warning C4244: '인수': 'float'에서 'int'(으)로 변환하면서 데이터가 손실될 수 있습니다.
C:\Users\ASUS S530FN\Desktop\210329\210329\Iori_2P.cpp(342,33): warning C4244: '인수': 'float'에서 'int'(으)로 변환하면서 데이터가 손실될 수 있습니다.
C:\Users\ASUS S530FN\Desktop\210329\210329\Iori_2P.cpp(342,26): warning C4244: '인수': 'float'에서 'int'(으)로 변환하면서 데이터가 손실될 수 있습니다.
C:\Users\ASUS S530FN\Desktop\210329\210329\Iori_2P.cpp(350,33): warning C4244: '인수': 'float'에서 'int'(으)로 변환하면서 데이터가 손실될 수 있습니다.
C:\Users\ASUS S530FN\Desktop\210329\210329\Iori_2P.cpp(350,26): warning C4244: '인수': 'float'에서 'int'(으)로 변환하면서 데이터가 손실될 수 있습니다.
C:\Users\ASUS S530FN\Desktop\210329\210329\Iori_2P.cpp(357,33): warning C4244: '인수': 'float'에서 'int'(으)로 변환하면서 데이터가 손실될 수 있습니다.
C:\Users\ASUS S530FN\Desktop\210329\210329\Iori_2P.cpp(357,26): warning C4244: '인수': 'float'에서 'int'(으)로 변환하면서 데이터가 손실될 수 있습니다.
C:\Users\ASUS S530FN\Desktop\210329\210329\Iori_2P.cpp(364,33): warning C4244: '인수': 'float'에서 'int'(으)로 변환하면서 데이터가 손실될 수 있습니다.
C:\Users\ASUS S530FN\Desktop\210329\210329\Iori_2P.cpp(364,26): warning C4244: '인수': 'float'에서 'int'(으)로 변환하면서 데이터가 손실될 수 있습니다.
C:\Users\ASUS S530FN\Desktop\210329\210329\Iori_2P.cpp(371,33): warning C4244: '인수': 'float'에서 'int'(으)로 변환하면서 데이터가 손실될 수 있습니다.
C:\Users\ASUS S530FN\Desktop\210329\210329\Iori_2P.cpp(371,26): warning C4244: '인수': 'float'에서 'int'(으)로 변환하면서 데이터가 손실될 수 있습니다.
C:\Users\ASUS S530FN\Desktop\210329\210329\Iori_2P.cpp(378,33): warning C4244: '인수': 'float'에서 'int'(으)로 변환하면서 데이터가 손실될 수 있습니다.
C:\Users\ASUS S530FN\Desktop\210329\210329\Iori_2P.cpp(378,26): warning C4244: '인수': 'float'에서 'int'(으)로 변환하면서 데이터가 손실될 수 있습니다.
C:\Users\ASUS S530FN\Desktop\210329\210329\Iori_2P.cpp(384,33): warning C4244: '인수': 'float'에서 'int'(으)로 변환하면서 데이터가 손실될 수 있습니다.
C:\Users\ASUS S530FN\Desktop\210329\210329\Iori_2P.cpp(384,26): warning C4244: '인수': 'float'에서 'int'(으)로 변환하면서 데이터가 손실될 수 있습니다.
C:\Users\ASUS S530FN\Desktop\210329\210329\Iori_2P.cpp(393,79): warning C4244: '인수': 'float'에서 'int'(으)로 변환하면서 데이터가 손실될 수 있습니다.
C:\Users\ASUS S530FN\Desktop\210329\210329\Iori_2P.cpp(393,69): warning C4244: '인수': 'float'에서 'int'(으)로 변환하면서 데이터가 손실될 수 있습니다.
C:\Users\ASUS S530FN\Desktop\210329\210329\Iori_2P.cpp(399,79): warning C4244: '인수': 'float'에서 'int'(으)로 변환하면서 데이터가 손실될 수 있습니다.
C:\Users\ASUS S530FN\Desktop\210329\210329\Iori_2P.cpp(399,69): warning C4244: '인수': 'float'에서 'int'(으)로 변환하면서 데이터가 손실될 수 있습니다.
C:\Users\ASUS S530FN\Desktop\210329\210329\Iori_2P.cpp(405,79): warning C4244: '인수': 'float'에서 'int'(으)로 변환하면서 데이터가 손실될 수 있습니다.
C:\Users\ASUS S530FN\Desktop\210329\210329\Iori_2P.cpp(405,69): warning C4244: '인수': 'float'에서 'int'(으)로 변환하면서 데이터가 손실될 수 있습니다.
C:\Users\ASUS S530FN\Desktop\210329\210329\Iori_2P.cpp(412,79): warning C4244: '인수': 'float'에서 'int'(으)로 변환하면서 데이터가 손실될 수 있습니다.
C:\Users\ASUS S530FN\Desktop\210329\210329\Iori_2P.cpp(412,69): warning C4244: '인수': 'float'에서 'int'(으)로 변환하면서 데이터가 손실될 수 있습니다.
C:\Users\ASUS S530FN\Desktop\210329\210329\Iori_2P.cpp(419,79): warning C4244: '인수': 'float'에서 'int'(으)로 변환하면서 데이터가 손실될 수 있습니다.
C:\Users\ASUS S530FN\Desktop\210329\210329\Iori_2P.cpp(419,69): warning C4244: '인수': 'float'에서 'int'(으)로 변환하면서 데이터가 손실될 수 있습니다.
C:\Users\ASUS S530FN\Desktop\210329\210329\Iori_2P.cpp(426,79): warning C4244: '인수': 'float'에서 'int'(으)로 변환하면서 데이터가 손실될 수 있습니다.
C:\Users\ASUS S530FN\Desktop\210329\210329\Iori_2P.cpp(426,69): warning C4244: '인수': 'float'에서 'int'(으)로 변환하면서 데이터가 손실될 수 있습니다.
C:\Users\ASUS S530FN\Desktop\210329\210329\Iori_2P.cpp(433,79): warning C4244: '인수': 'float'에서 'int'(으)로 변환하면서 데이터가 손실될 수 있습니다.
C:\Users\ASUS S530FN\Desktop\210329\210329\Iori_2P.cpp(433,69): warning C4244: '인수': 'float'에서 'int'(으)로 변환하면서 데이터가 손실될 수 있습니다.
C:\Users\ASUS S530FN\Desktop\210329\210329\Iori_2P.cpp(440,79): warning C4244: '인수': 'float'에서 'int'(으)로 변환하면서 데이터가 손실될 수 있습니다.
C:\Users\ASUS S530FN\Desktop\210329\210329\Iori_2P.cpp(440,69): warning C4244: '인수': 'float'에서 'int'(으)로 변환하면서 데이터가 손실될 수 있습니다.
C:\Users\ASUS S530FN\Desktop\210329\210329\Iori_2P.cpp(446,79): warning C4244: '인수': 'float'에서 'int'(으)로 변환하면서 데이터가 손실될 수 있습니다.
C:\Users\ASUS S530FN\Desktop\210329\210329\Iori_2P.cpp(446,69): warning C4244: '인수': 'float'에서 'int'(으)로 변환하면서 데이터가 손실될 수 있습니다.
C:\Users\ASUS S530FN\Desktop\210329\210329\Iori_2P.cpp(473,23): warning C4244: '=': 'float'에서 'LONG'(으)로 변환하면서 데이터가 손실될 수 있습니다.
C:\Users\ASUS S530FN\Desktop\210329\210329\Iori_2P.cpp(474,22): warning C4244: '=': 'float'에서 'LONG'(으)로 변환하면서 데이터가 손실될 수 있습니다.
C:\Users\ASUS S530FN\Desktop\210329\210329\Iori_2P.cpp(475,60): warning C4244: '=': 'float'에서 'LONG'(으)로 변환하면서 데이터가 손실될 수 있습니다.
C:\Users\ASUS S530FN\Desktop\210329\210329\Iori_2P.cpp(476,62): warning C4244: '=': 'float'에서 'LONG'(으)로 변환하면서 데이터가 손실될 수 있습니다.
C:\Users\ASUS S530FN\Desktop\210329\210329\Iori_2P.cpp(479,23): warning C4244: '=': 'float'에서 'LONG'(으)로 변환하면서 데이터가 손실될 수 있습니다.
C:\Users\ASUS S530FN\Desktop\210329\210329\Iori_2P.cpp(480,22): warning C4244: '=': 'float'에서 'LONG'(으)로 변환하면서 데이터가 손실될 수 있습니다.
C:\Users\ASUS S530FN\Desktop\210329\210329\Iori_2P.cpp(481,60): warning C4244: '=': 'float'에서 'LONG'(으)로 변환하면서 데이터가 손실될 수 있습니다.
C:\Users\ASUS S530FN\Desktop\210329\210329\Iori_2P.cpp(482,62): warning C4244: '=': 'float'에서 'LONG'(으)로 변환하면서 데이터가 손실될 수 있습니다.
C:\Users\ASUS S530FN\Desktop\210329\210329\Iori_2P.cpp(485,23): warning C4244: '=': 'float'에서 'LONG'(으)로 변환하면서 데이터가 손실될 수 있습니다.
C:\Users\ASUS S530FN\Desktop\210329\210329\Iori_2P.cpp(486,22): warning C4244: '=': 'float'에서 'LONG'(으)로 변환하면서 데이터가 손실될 수 있습니다.
C:\Users\ASUS S530FN\Desktop\210329\210329\Iori_2P.cpp(487,60): warning C4244: '=': 'float'에서 'LONG'(으)로 변환하면서 데이터가 손실될 수 있습니다.
C:\Users\ASUS S530FN\Desktop\210329\210329\Iori_2P.cpp(488,62): warning C4244: '=': 'float'에서 'LONG'(으)로 변환하면서 데이터가 손실될 수 있습니다.
C:\Users\ASUS S530FN\Desktop\210329\210329\Iori_2P.cpp(491,23): warning C4244: '=': 'float'에서 'LONG'(으)로 변환하면서 데이터가 손실될 수 있습니다.
C:\Users\ASUS S530FN\Desktop\210329\210329\Iori_2P.cpp(492,22): warning C4244: '=': 'float'에서 'LONG'(으)로 변환하면서 데이터가 손실될 수 있습니다.
C:\Users\ASUS S530FN\Desktop\210329\210329\Iori_2P.cpp(493,60): warning C4244: '=': 'float'에서 'LONG'(으)로 변환하면서 데이터가 손실될 수 있습니다.
C:\Users\ASUS S530FN\Desktop\210329\210329\Iori_2P.cpp(494,62): warning C4244: '=': 'float'에서 'LONG'(으)로 변환하면서 데이터가 손실될 수 있습니다.
C:\Users\ASUS S530FN\Desktop\210329\210329\Iori_2P.cpp(499,24): warning C4244: '=': 'float'에서 'LONG'(으)로 변환하면서 데이터가 손실될 수 있습니다.
C:\Users\ASUS S530FN\Desktop\210329\210329\Iori_2P.cpp(500,23): warning C4244: '=': 'float'에서 'LONG'(으)로 변환하면서 데이터가 손실될 수 있습니다.
C:\Users\ASUS S530FN\Desktop\210329\210329\Iori_2P.cpp(501,61): warning C4244: '=': 'float'에서 'LONG'(으)로 변환하면서 데이터가 손실될 수 있습니다.
C:\Users\ASUS S530FN\Desktop\210329\210329\Iori_2P.cpp(502,63): warning C4244: '=': 'float'에서 'LONG'(으)로 변환하면서 데이터가 손실될 수 있습니다.
C:\Users\ASUS S530FN\Desktop\210329\210329\Iori_2P.cpp(506,24): warning C4244: '=': 'float'에서 'LONG'(으)로 변환하면서 데이터가 손실될 수 있습니다.
C:\Users\ASUS S530FN\Desktop\210329\210329\Iori_2P.cpp(507,23): warning C4244: '=': 'float'에서 'LONG'(으)로 변환하면서 데이터가 손실될 수 있습니다.
C:\Users\ASUS S530FN\Desktop\210329\210329\Iori_2P.cpp(508,61): warning C4244: '=': 'float'에서 'LONG'(으)로 변환하면서 데이터가 손실될 수 있습니다.
C:\Users\ASUS S530FN\Desktop\210329\210329\Iori_2P.cpp(509,63): warning C4244: '=': 'float'에서 'LONG'(으)로 변환하면서 데이터가 손실될 수 있습니다.
C:\Users\ASUS S530FN\Desktop\210329\210329\Iori_2P.cpp(513,24): warning C4244: '=': 'float'에서 'LONG'(으)로 변환하면서 데이터가 손실될 수 있습니다.
C:\Users\ASUS S530FN\Desktop\210329\210329\Iori_2P.cpp(514,23): warning C4244: '=': 'float'에서 'LONG'(으)로 변환하면서 데이터가 손실될 수 있습니다.
C:\Users\ASUS S530FN\Desktop\210329\210329\Iori_2P.cpp(515,61): warning C4244: '=': 'float'에서 'LONG'(으)로 변환하면서 데이터가 손실될 수 있습니다.
C:\Users\ASUS S530FN\Desktop\210329\210329\Iori_2P.cpp(516,63): warning C4244: '=': 'float'에서 'LONG'(으)로 변환하면서 데이터가 손실될 수 있습니다.
C:\Users\ASUS S530FN\Desktop\210329\210329\Iori_2P.cpp(520,24): warning C4244: '=': 'float'에서 'LONG'(으)로 변환하면서 데이터가 손실될 수 있습니다.
C:\Users\ASUS S530FN\Desktop\210329\210329\Iori_2P.cpp(521,23): warning C4244: '=': 'float'에서 'LONG'(으)로 변환하면서 데이터가 손실될 수 있습니다.
C:\Users\ASUS S530FN\Desktop\210329\210329\Iori_2P.cpp(522,61): warning C4244: '=': 'float'에서 'LONG'(으)로 변환하면서 데이터가 손실될 수 있습니다.
C:\Users\ASUS S530FN\Desktop\210329\210329\Iori_2P.cpp(523,63): warning C4244: '=': 'float'에서 'LONG'(으)로 변환하면서 데이터가 손실될 수 있습니다.
C:\Users\ASUS S530FN\Desktop\210329\210329\Iori_2P.cpp(527,23): warning C4244: '=': 'float'에서 'LONG'(으)로 변환하면서 데이터가 손실될 수 있습니다.
C:\Users\ASUS S530FN\Desktop\210329\210329\Iori_2P.cpp(528,22): warning C4244: '=': 'float'에서 'LONG'(으)로 변환하면서 데이터가 손실될 수 있습니다.
C:\Users\ASUS S530FN\Desktop\210329\210329\Iori_2P.cpp(529,60): warning C4244: '=': 'float'에서 'LONG'(으)로 변환하면서 데이터가 손실될 수 있습니다.
C:\Users\ASUS S530FN\Desktop\210329\210329\Iori_2P.cpp(530,62): warning C4244: '=': 'float'에서 'LONG'(으)로 변환하면서 데이터가 손실될 수 있습니다.
C:\Users\ASUS S530FN\Desktop\210329\210329\Iori_2P.cpp(535,24): warning C4244: '=': 'float'에서 'LONG'(으)로 변환하면서 데이터가 손실될 수 있습니다.
C:\Users\ASUS S530FN\Desktop\210329\210329\Iori_2P.cpp(536,23): warning C4244: '=': 'float'에서 'LONG'(으)로 변환하면서 데이터가 손실될 수 있습니다.
C:\Users\ASUS S530FN\Desktop\210329\210329\Iori_2P.cpp(537,61): warning C4244: '=': 'float'에서 'LONG'(으)로 변환하면서 데이터가 손실될 수 있습니다.
C:\Users\ASUS S530FN\Desktop\210329\210329\Iori_2P.cpp(538,63): warning C4244: '=': 'float'에서 'LONG'(으)로 변환하면서 데이터가 손실될 수 있습니다.
C:\Users\ASUS S530FN\Desktop\210329\210329\Iori_2P.cpp(542,24): warning C4244: '=': 'float'에서 'LONG'(으)로 변환하면서 데이터가 손실될 수 있습니다.
C:\Users\ASUS S530FN\Desktop\210329\210329\Iori_2P.cpp(543,23): warning C4244: '=': 'float'에서 'LONG'(으)로 변환하면서 데이터가 손실될 수 있습니다.
C:\Users\ASUS S530FN\Desktop\210329\210329\Iori_2P.cpp(544,61): warning C4244: '=': 'float'에서 'LONG'(으)로 변환하면서 데이터가 손실될 수 있습니다.
C:\Users\ASUS S530FN\Desktop\210329\210329\Iori_2P.cpp(545,63): warning C4244: '=': 'float'에서 'LONG'(으)로 변환하면서 데이터가 손실될 수 있습니다.
C:\Users\ASUS S530FN\Desktop\210329\210329\Iori_2P.cpp(549,24): warning C4244: '=': 'float'에서 'LONG'(으)로 변환하면서 데이터가 손실될 수 있습니다.
C:\Users\ASUS S530FN\Desktop\210329\210329\Iori_2P.cpp(550,23): warning C4244: '=': 'float'에서 'LONG'(으)로 변환하면서 데이터가 손실될 수 있습니다.
C:\Users\ASUS S530FN\Desktop\210329\210329\Iori_2P.cpp(551,61): warning C4244: '=': 'float'에서 'LONG'(으)로 변환하면서 데이터가 손실될 수 있습니다.
C:\Users\ASUS S530FN\Desktop\210329\210329\Iori_2P.cpp(552,63): warning C4244: '=': 'float'에서 'LONG'(으)로 변환하면서 데이터가 손실될 수 있습니다.
C:\Users\ASUS S530FN\Desktop\210329\210329\Iori_2P.cpp(556,24): warning C4244: '=': 'float'에서 'LONG'(으)로 변환하면서 데이터가 손실될 수 있습니다.
C:\Users\ASUS S530FN\Desktop\210329\210329\Iori_2P.cpp(557,23): warning C4244: '=': 'float'에서 'LONG'(으)로 변환하면서 데이터가 손실될 수 있습니다.
C:\Users\ASUS S530FN\Desktop\210329\210329\Iori_2P.cpp(558,61): warning C4244: '=': 'float'에서 'LONG'(으)로 변환하면서 데이터가 손실될 수 있습니다.
C:\Users\ASUS S530FN\Desktop\210329\210329\Iori_2P.cpp(559,63): warning C4244: '=': 'float'에서 'LONG'(으)로 변환하면서 데이터가 손실될 수 있습니다.
C:\Users\ASUS S530FN\Desktop\210329\210329\Iori_2P.cpp(566,24): warning C4244: '=': 'float'에서 'LONG'(으)로 변환하면서 데이터가 손실될 수 있습니다.
C:\Users\ASUS S530FN\Desktop\210329\210329\Iori_2P.cpp(567,23): warning C4244: '=': 'float'에서 'LONG'(으)로 변환하면서 데이터가 손실될 수 있습니다.
C:\Users\ASUS S530FN\Desktop\210329\210329\Iori_2P.cpp(568,61): warning C4244: '=': 'float'에서 'LONG'(으)로 변환하면서 데이터가 손실될 수 있습니다.
C:\Users\ASUS S530FN\Desktop\210329\210329\Iori_2P.cpp(569,63): warning C4244: '=': 'float'에서 'LONG'(으)로 변환하면서 데이터가 손실될 수 있습니다.
C:\Users\ASUS S530FN\Desktop\210329\210329\Iori_2P.cpp(573,24): warning C4244: '=': 'float'에서 'LONG'(으)로 변환하면서 데이터가 손실될 수 있습니다.
C:\Users\ASUS S530FN\Desktop\210329\210329\Iori_2P.cpp(574,23): warning C4244: '=': 'float'에서 'LONG'(으)로 변환하면서 데이터가 손실될 수 있습니다.
C:\Users\ASUS S530FN\Desktop\210329\210329\Iori_2P.cpp(575,61): warning C4244: '=': 'float'에서 'LONG'(으)로 변환하면서 데이터가 손실될 수 있습니다.
C:\Users\ASUS S530FN\Desktop\210329\210329\Iori_2P.cpp(576,63): warning C4244: '=': 'float'에서 'LONG'(으)로 변환하면서 데이터가 손실될 수 있습니다.
C:\Users\ASUS S530FN\Desktop\210329\210329\Iori_2P.cpp(580,24): warning C4244: '=': 'float'에서 'LONG'(으)로 변환하면서 데이터가 손실될 수 있습니다.
C:\Users\ASUS S530FN\Desktop\210329\210329\Iori_2P.cpp(581,23): warning C4244: '=': 'float'에서 'LONG'(으)로 변환하면서 데이터가 손실될 수 있습니다.
C:\Users\ASUS S530FN\Desktop\210329\210329\Iori_2P.cpp(582,61): warning C4244: '=': 'float'에서 'LONG'(으)로 변환하면서 데이터가 손실될 수 있습니다.
C:\Users\ASUS S530FN\Desktop\210329\210329\Iori_2P.cpp(583,63): warning C4244: '=': 'float'에서 'LONG'(으)로 변환하면서 데이터가 손실될 수 있습니다.
C:\Users\ASUS S530FN\Desktop\210329\210329\Iori_2P.cpp(587,24): warning C4244: '=': 'float'에서 'LONG'(으)로 변환하면서 데이터가 손실될 수 있습니다.
C:\Users\ASUS S530FN\Desktop\210329\210329\Iori_2P.cpp(588,23): warning C4244: '=': 'float'에서 'LONG'(으)로 변환하면서 데이터가 손실될 수 있습니다.
C:\Users\ASUS S530FN\Desktop\210329\210329\Iori_2P.cpp(589,61): warning C4244: '=': 'float'에서 'LONG'(으)로 변환하면서 데이터가 손실될 수 있습니다.
C:\Users\ASUS S530FN\Desktop\210329\210329\Iori_2P.cpp(590,63): warning C4244: '=': 'float'에서 'LONG'(으)로 변환하면서 데이터가 손실될 수 있습니다.
C:\Users\ASUS S530FN\Desktop\210329\210329\Iori_2P.cpp(596,24): warning C4244: '=': 'float'에서 'LONG'(으)로 변환하면서 데이터가 손실될 수 있습니다.
C:\Users\ASUS S530FN\Desktop\210329\210329\Iori_2P.cpp(597,23): warning C4244: '=': 'float'에서 'LONG'(으)로 변환하면서 데이터가 손실될 수 있습니다.
C:\Users\ASUS S530FN\Desktop\210329\210329\Iori_2P.cpp(598,61): warning C4244: '=': 'float'에서 'LONG'(으)로 변환하면서 데이터가 손실될 수 있습니다.
C:\Users\ASUS S530FN\Desktop\210329\210329\Iori_2P.cpp(599,63): warning C4244: '=': 'float'에서 'LONG'(으)로 변환하면서 데이터가 손실될 수 있습니다.
C:\Users\ASUS S530FN\Desktop\210329\210329\Iori_2P.cpp(603,24): warning C4244: '=': 'float'에서 'LONG'(으)로 변환하면서 데이터가 손실될 수 있습니다.
C:\Users\ASUS S530FN\Desktop\210329\210329\Iori_2P.cpp(604,23): warning C4244: '=': 'float'에서 'LONG'(으)로 변환하면서 데이터가 손실될 수 있습니다.
C:\Users\ASUS S530FN\Desktop\210329\210329\Iori_2P.cpp(605,61): warning C4244: '=': 'float'에서 'LONG'(으)로 변환하면서 데이터가 손실될 수 있습니다.
C:\Users\ASUS S530FN\Desktop\210329\210329\Iori_2P.cpp(606,63): warning C4244: '=': 'float'에서 'LONG'(으)로 변환하면서 데이터가 손실될 수 있습니다.
C:\Users\ASUS S530FN\Desktop\210329\210329\Iori_2P.cpp(610,24): warning C4244: '=': 'float'에서 'LONG'(으)로 변환하면서 데이터가 손실될 수 있습니다.
C:\Users\ASUS S530FN\Desktop\210329\210329\Iori_2P.cpp(611,23): warning C4244: '=': 'float'에서 'LONG'(으)로 변환하면서 데이터가 손실될 수 있습니다.
C:\Users\ASUS S530FN\Desktop\210329\210329\Iori_2P.cpp(612,61): warning C4244: '=': 'float'에서 'LONG'(으)로 변환하면서 데이터가 손실될 수 있습니다.
C:\Users\ASUS S530FN\Desktop\210329\210329\Iori_2P.cpp(613,63): warning C4244: '=': 'float'에서 'LONG'(으)로 변환하면서 데이터가 손실될 수 있습니다.
C:\Users\ASUS S530FN\Desktop\210329\210329\Iori_2P.cpp(617,24): warning C4244: '=': 'float'에서 'LONG'(으)로 변환하면서 데이터가 손실될 수 있습니다.
C:\Users\ASUS S530FN\Desktop\210329\210329\Iori_2P.cpp(618,23): warning C4244: '=': 'float'에서 'LONG'(으)로 변환하면서 데이터가 손실될 수 있습니다.
C:\Users\ASUS S530FN\Desktop\210329\210329\Iori_2P.cpp(619,61): warning C4244: '=': 'float'에서 'LONG'(으)로 변환하면서 데이터가 손실될 수 있습니다.
C:\Users\ASUS S530FN\Desktop\210329\210329\Iori_2P.cpp(620,63): warning C4244: '=': 'float'에서 'LONG'(으)로 변환하면서 데이터가 손실될 수 있습니다.
C:\Users\ASUS S530FN\Desktop\210329\210329\Iori_2P.cpp(624,24): warning C4244: '=': 'float'에서 'LONG'(으)로 변환하면서 데이터가 손실될 수 있습니다.
C:\Users\ASUS S530FN\Desktop\210329\210329\Iori_2P.cpp(625,23): warning C4244: '=': 'float'에서 'LONG'(으)로 변환하면서 데이터가 손실될 수 있습니다.
C:\Users\ASUS S530FN\Desktop\210329\210329\Iori_2P.cpp(626,25): warning C4244: '=': 'float'에서 'LONG'(으)로 변환하면서 데이터가 손실될 수 있습니다.
C:\Users\ASUS S530FN\Desktop\210329\210329\Iori_2P.cpp(627,63): warning C4244: '=': 'float'에서 'LONG'(으)로 변환하면서 데이터가 손실될 수 있습니다.
C:\Users\ASUS S530FN\Desktop\210329\210329\Iori_2P.cpp(638,64): warning C4244: '=': 'float'에서 'LONG'(으)로 변환하면서 데이터가 손실될 수 있습니다.
C:\Users\ASUS S530FN\Desktop\210329\210329\Iori_2P.cpp(639,22): warning C4244: '=': 'float'에서 'LONG'(으)로 변환하면서 데이터가 손실될 수 있습니다.
C:\Users\ASUS S530FN\Desktop\210329\210329\Iori_2P.cpp(640,29): warning C4244: '=': 'float'에서 'LONG'(으)로 변환하면서 데이터가 손실될 수 있습니다.
C:\Users\ASUS S530FN\Desktop\210329\210329\Iori_2P.cpp(641,62): warning C4244: '=': 'float'에서 'LONG'(으)로 변환하면서 데이터가 손실될 수 있습니다.
C:\Users\ASUS S530FN\Desktop\210329\210329\Iori_2P.cpp(644,64): warning C4244: '=': 'float'에서 'LONG'(으)로 변환하면서 데이터가 손실될 수 있습니다.
C:\Users\ASUS S530FN\Desktop\210329\210329\Iori_2P.cpp(645,22): warning C4244: '=': 'float'에서 'LONG'(으)로 변환하면서 데이터가 손실될 수 있습니다.
C:\Users\ASUS S530FN\Desktop\210329\210329\Iori_2P.cpp(646,29): warning C4244: '=': 'float'에서 'LONG'(으)로 변환하면서 데이터가 손실될 수 있습니다.
C:\Users\ASUS S530FN\Desktop\210329\210329\Iori_2P.cpp(647,62): warning C4244: '=': 'float'에서 'LONG'(으)로 변환하면서 데이터가 손실될 수 있습니다.
C:\Users\ASUS S530FN\Desktop\210329\210329\Iori_2P.cpp(650,64): warning C4244: '=': 'float'에서 'LONG'(으)로 변환하면서 데이터가 손실될 수 있습니다.
C:\Users\ASUS S530FN\Desktop\210329\210329\Iori_2P.cpp(651,22): warning C4244: '=': 'float'에서 'LONG'(으)로 변환하면서 데이터가 손실될 수 있습니다.
C:\Users\ASUS S530FN\Desktop\210329\210329\Iori_2P.cpp(652,29): warning C4244: '=': 'float'에서 'LONG'(으)로 변환하면서 데이터가 손실될 수 있습니다.
C:\Users\ASUS S530FN\Desktop\210329\210329\Iori_2P.cpp(653,62): warning C4244: '=': 'float'에서 'LONG'(으)로 변환하면서 데이터가 손실될 수 있습니다.
C:\Users\ASUS S530FN\Desktop\210329\210329\Iori_2P.cpp(656,65): warning C4244: '=': 'float'에서 'LONG'(으)로 변환하면서 데이터가 손실될 수 있습니다.
C:\Users\ASUS S530FN\Desktop\210329\210329\Iori_2P.cpp(657,22): warning C4244: '=': 'float'에서 'LONG'(으)로 변환하면서 데이터가 손실될 수 있습니다.
C:\Users\ASUS S530FN\Desktop\210329\210329\Iori_2P.cpp(658,29): warning C4244: '=': 'float'에서 'LONG'(으)로 변환하면서 데이터가 손실될 수 있습니다.
C:\Users\ASUS S530FN\Desktop\210329\210329\Iori_2P.cpp(659,62): warning C4244: '=': 'float'에서 'LONG'(으)로 변환하면서 데이터가 손실될 수 있습니다.
C:\Users\ASUS S530FN\Desktop\210329\210329\Iori_2P.cpp(664,66): warning C4244: '=': 'float'에서 'LONG'(으)로 변환하면서 데이터가 손실될 수 있습니다.
C:\Users\ASUS S530FN\Desktop\210329\210329\Iori_2P.cpp(665,23): warning C4244: '=': 'float'에서 'LONG'(으)로 변환하면서 데이터가 손실될 수 있습니다.
C:\Users\ASUS S530FN\Desktop\210329\210329\Iori_2P.cpp(666,31): warning C4244: '=': 'float'에서 'LONG'(으)로 변환하면서 데이터가 손실될 수 있습니다.
C:\Users\ASUS S530FN\Desktop\210329\210329\Iori_2P.cpp(667,63): warning C4244: '=': 'float'에서 'LONG'(으)로 변환하면서 데이터가 손실될 수 있습니다.
C:\Users\ASUS S530FN\Desktop\210329\210329\Iori_2P.cpp(671,66): warning C4244: '=': 'float'에서 'LONG'(으)로 변환하면서 데이터가 손실될 수 있습니다.
C:\Users\ASUS S530FN\Desktop\210329\210329\Iori_2P.cpp(672,23): warning C4244: '=': 'float'에서 'LONG'(으)로 변환하면서 데이터가 손실될 수 있습니다.
C:\Users\ASUS S530FN\Desktop\210329\210329\Iori_2P.cpp(673,31): warning C4244: '=': 'float'에서 'LONG'(으)로 변환하면서 데이터가 손실될 수 있습니다.
C:\Users\ASUS S530FN\Desktop\210329\210329\Iori_2P.cpp(674,63): warning C4244: '=': 'float'에서 'LONG'(으)로 변환하면서 데이터가 손실될 수 있습니다.
C:\Users\ASUS S530FN\Desktop\210329\210329\Iori_2P.cpp(678,65): warning C4244: '=': 'float'에서 'LONG'(으)로 변환하면서 데이터가 손실될 수 있습니다.
C:\Users\ASUS S530FN\Desktop\210329\210329\Iori_2P.cpp(679,23): warning C4244: '=': 'float'에서 'LONG'(으)로 변환하면서 데이터가 손실될 수 있습니다.
C:\Users\ASUS S530FN\Desktop\210329\210329\Iori_2P.cpp(680,31): warning C4244: '=': 'float'에서 'LONG'(으)로 변환하면서 데이터가 손실될 수 있습니다.
C:\Users\ASUS S530FN\Desktop\210329\210329\Iori_2P.cpp(681,63): warning C4244: '=': 'float'에서 'LONG'(으)로 변환하면서 데이터가 손실될 수 있습니다.
C:\Users\ASUS S530FN\Desktop\210329\210329\Iori_2P.cpp(685,65): warning C4244: '=': 'float'에서 'LONG'(으)로 변환하면서 데이터가 손실될 수 있습니다.
C:\Users\ASUS S530FN\Desktop\210329\210329\Iori_2P.cpp(686,23): warning C4244: '=': 'float'에서 'LONG'(으)로 변환하면서 데이터가 손실될 수 있습니다.
C:\Users\ASUS S530FN\Desktop\210329\210329\Iori_2P.cpp(687,31): warning C4244: '=': 'float'에서 'LONG'(으)로 변환하면서 데이터가 손실될 수 있습니다.
C:\Users\ASUS S530FN\Desktop\210329\210329\Iori_2P.cpp(688,63): warning C4244: '=': 'float'에서 'LONG'(으)로 변환하면서 데이터가 손실될 수 있습니다.
C:\Users\ASUS S530FN\Desktop\210329\210329\Iori_2P.cpp(692,65): warning C4244: '=': 'float'에서 'LONG'(으)로 변환하면서 데이터가 손실될 수 있습니다.
C:\Users\ASUS S530FN\Desktop\210329\210329\Iori_2P.cpp(693,22): warning C4244: '=': 'float'에서 'LONG'(으)로 변환하면서 데이터가 손실될 수 있습니다.
C:\Users\ASUS S530FN\Desktop\210329\210329\Iori_2P.cpp(694,29): warning C4244: '=': 'float'에서 'LONG'(으)로 변환하면서 데이터가 손실될 수 있습니다.
C:\Users\ASUS S530FN\Desktop\210329\210329\Iori_2P.cpp(695,62): warning C4244: '=': 'float'에서 'LONG'(으)로 변환하면서 데이터가 손실될 수 있습니다.
C:\Users\ASUS S530FN\Desktop\210329\210329\Iori_2P.cpp(700,30): warning C4244: '=': 'float'에서 'LONG'(으)로 변환하면서 데이터가 손실될 수 있습니다.
C:\Users\ASUS S530FN\Desktop\210329\210329\Iori_2P.cpp(701,23): warning C4244: '=': 'float'에서 'LONG'(으)로 변환하면서 데이터가 손실될 수 있습니다.
C:\Users\ASUS S530FN\Desktop\210329\210329\Iori_2P.cpp(702,30): warning C4244: '=': 'float'에서 'LONG'(으)로 변환하면서 데이터가 손실될 수 있습니다.
C:\Users\ASUS S530FN\Desktop\210329\210329\Iori_2P.cpp(703,63): warning C4244: '=': 'float'에서 'LONG'(으)로 변환하면서 데이터가 손실될 수 있습니다.
C:\Users\ASUS S530FN\Desktop\210329\210329\Iori_2P.cpp(707,30): warning C4244: '=': 'float'에서 'LONG'(으)로 변환하면서 데이터가 손실될 수 있습니다.
C:\Users\ASUS S530FN\Desktop\210329\210329\Iori_2P.cpp(708,23): warning C4244: '=': 'float'에서 'LONG'(으)로 변환하면서 데이터가 손실될 수 있습니다.
C:\Users\ASUS S530FN\Desktop\210329\210329\Iori_2P.cpp(709,30): warning C4244: '=': 'float'에서 'LONG'(으)로 변환하면서 데이터가 손실될 수 있습니다.
C:\Users\ASUS S530FN\Desktop\210329\210329\Iori_2P.cpp(710,63): warning C4244: '=': 'float'에서 'LONG'(으)로 변환하면서 데이터가 손실될 수 있습니다.
C:\Users\ASUS S530FN\Desktop\210329\210329\Iori_2P.cpp(714,30): warning C4244: '=': 'float'에서 'LONG'(으)로 변환하면서 데이터가 손실될 수 있습니다.
C:\Users\ASUS S530FN\Desktop\210329\210329\Iori_2P.cpp(715,23): warning C4244: '=': 'float'에서 'LONG'(으)로 변환하면서 데이터가 손실될 수 있습니다.
C:\Users\ASUS S530FN\Desktop\210329\210329\Iori_2P.cpp(716,30): warning C4244: '=': 'float'에서 'LONG'(으)로 변환하면서 데이터가 손실될 수 있습니다.
C:\Users\ASUS S530FN\Desktop\210329\210329\Iori_2P.cpp(717,63): warning C4244: '=': 'float'에서 'LONG'(으)로 변환하면서 데이터가 손실될 수 있습니다.
C:\Users\ASUS S530FN\Desktop\210329\210329\Iori_2P.cpp(721,30): warning C4244: '=': 'float'에서 'LONG'(으)로 변환하면서 데이터가 손실될 수 있습니다.
C:\Users\ASUS S530FN\Desktop\210329\210329\Iori_2P.cpp(722,23): warning C4244: '=': 'float'에서 'LONG'(으)로 변환하면서 데이터가 손실될 수 있습니다.
C:\Users\ASUS S530FN\Desktop\210329\210329\Iori_2P.cpp(723,30): warning C4244: '=': 'float'에서 'LONG'(으)로 변환하면서 데이터가 손실될 수 있습니다.
C:\Users\ASUS S530FN\Desktop\210329\210329\Iori_2P.cpp(724,63): warning C4244: '=': 'float'에서 'LONG'(으)로 변환하면서 데이터가 손실될 수 있습니다.
C:\Users\ASUS S530FN\Desktop\210329\210329\Iori_2P.cpp(731,66): warning C4244: '=': 'float'에서 'LONG'(으)로 변환하면서 데이터가 손실될 수 있습니다.
C:\Users\ASUS S530FN\Desktop\210329\210329\Iori_2P.cpp(732,23): warning C4244: '=': 'float'에서 'LONG'(으)로 변환하면서 데이터가 손실될 수 있습니다.
C:\Users\ASUS S530FN\Desktop\210329\210329\Iori_2P.cpp(733,31): warning C4244: '=': 'float'에서 'LONG'(으)로 변환하면서 데이터가 손실될 수 있습니다.
C:\Users\ASUS S530FN\Desktop\210329\210329\Iori_2P.cpp(734,63): warning C4244: '=': 'float'에서 'LONG'(으)로 변환하면서 데이터가 손실될 수 있습니다.
C:\Users\ASUS S530FN\Desktop\210329\210329\Iori_2P.cpp(738,66): warning C4244: '=': 'float'에서 'LONG'(으)로 변환하면서 데이터가 손실될 수 있습니다.
C:\Users\ASUS S530FN\Desktop\210329\210329\Iori_2P.cpp(739,23): warning C4244: '=': 'float'에서 'LONG'(으)로 변환하면서 데이터가 손실될 수 있습니다.
C:\Users\ASUS S530FN\Desktop\210329\210329\Iori_2P.cpp(740,31): warning C4244: '=': 'float'에서 'LONG'(으)로 변환하면서 데이터가 손실될 수 있습니다.
C:\Users\ASUS S530FN\Desktop\210329\210329\Iori_2P.cpp(741,63): warning C4244: '=': 'float'에서 'LONG'(으)로 변환하면서 데이터가 손실될 수 있습니다.
C:\Users\ASUS S530FN\Desktop\210329\210329\Iori_2P.cpp(745,66): warning C4244: '=': 'float'에서 'LONG'(으)로 변환하면서 데이터가 손실될 수 있습니다.
C:\Users\ASUS S530FN\Desktop\210329\210329\Iori_2P.cpp(746,23): warning C4244: '=': 'float'에서 'LONG'(으)로 변환하면서 데이터가 손실될 수 있습니다.
C:\Users\ASUS S530FN\Desktop\210329\210329\Iori_2P.cpp(747,31): warning C4244: '=': 'float'에서 'LONG'(으)로 변환하면서 데이터가 손실될 수 있습니다.
C:\Users\ASUS S530FN\Desktop\210329\210329\Iori_2P.cpp(748,63): warning C4244: '=': 'float'에서 'LONG'(으)로 변환하면서 데이터가 손실될 수 있습니다.
C:\Users\ASUS S530FN\Desktop\210329\210329\Iori_2P.cpp(752,66): warning C4244: '=': 'float'에서 'LONG'(으)로 변환하면서 데이터가 손실될 수 있습니다.
C:\Users\ASUS S530FN\Desktop\210329\210329\Iori_2P.cpp(753,23): warning C4244: '=': 'float'에서 'LONG'(으)로 변환하면서 데이터가 손실될 수 있습니다.
C:\Users\ASUS S530FN\Desktop\210329\210329\Iori_2P.cpp(754,31): warning C4244: '=': 'float'에서 'LONG'(으)로 변환하면서 데이터가 손실될 수 있습니다.
C:\Users\ASUS S530FN\Desktop\210329\210329\Iori_2P.cpp(755,63): warning C4244: '=': 'float'에서 'LONG'(으)로 변환하면서 데이터가 손실될 수 있습니다.
C:\Users\ASUS S530FN\Desktop\210329\210329\Iori_2P.cpp(761,66): warning C4244: '=': 'float'에서 'LONG'(으)로 변환하면서 데이터가 손실될 수 있습니다.
C:\Users\ASUS S530FN\Desktop\210329\210329\Iori_2P.cpp(762,23): warning C4244: '=': 'float'에서 'LONG'(으)로 변환하면서 데이터가 손실될 수 있습니다.
C:\Users\ASUS S530FN\Desktop\210329\210329\Iori_2P.cpp(763,30): warning C4244: '=': 'float'에서 'LONG'(으)로 변환하면서 데이터가 손실될 수 있습니다.
C:\Users\ASUS S530FN\Desktop\210329\210329\Iori_2P.cpp(764,63): warning C4244: '=': 'float'에서 'LONG'(으)로 변환하면서 데이터가 손실될 수 있습니다.
C:\Users\ASUS S530FN\Desktop\210329\210329\Iori_2P.cpp(768,66): warning C4244: '=': 'float'에서 'LONG'(으)로 변환하면서 데이터가 손실될 수 있습니다.
C:\Users\ASUS S530FN\Desktop\210329\210329\Iori_2P.cpp(769,23): warning C4244: '=': 'float'에서 'LONG'(으)로 변환하면서 데이터가 손실될 수 있습니다.
C:\Users\ASUS S530FN\Desktop\210329\210329\Iori_2P.cpp(770,31): warning C4244: '=': 'float'에서 'LONG'(으)로 변환하면서 데이터가 손실될 수 있습니다.
C:\Users\ASUS S530FN\Desktop\210329\210329\Iori_2P.cpp(771,63): warning C4244: '=': 'float'에서 'LONG'(으)로 변환하면서 데이터가 손실될 수 있습니다.
C:\Users\ASUS S530FN\Desktop\210329\210329\Iori_2P.cpp(775,66): warning C4244: '=': 'float'에서 'LONG'(으)로 변환하면서 데이터가 손실될 수 있습니다.
C:\Users\ASUS S530FN\Desktop\210329\210329\Iori_2P.cpp(776,23): warning C4244: '=': 'float'에서 'LONG'(으)로 변환하면서 데이터가 손실될 수 있습니다.
C:\Users\ASUS S530FN\Desktop\210329\210329\Iori_2P.cpp(777,31): warning C4244: '=': 'float'에서 'LONG'(으)로 변환하면서 데이터가 손실될 수 있습니다.
C:\Users\ASUS S530FN\Desktop\210329\210329\Iori_2P.cpp(778,63): warning C4244: '=': 'float'에서 'LONG'(으)로 변환하면서 데이터가 손실될 수 있습니다.
C:\Users\ASUS S530FN\Desktop\210329\210329\Iori_2P.cpp(782,66): warning C4244: '=': 'float'에서 'LONG'(으)로 변환하면서 데이터가 손실될 수 있습니다.
C:\Users\ASUS S530FN\Desktop\210329\210329\Iori_2P.cpp(783,23): warning C4244: '=': 'float'에서 'LONG'(으)로 변환하면서 데이터가 손실될 수 있습니다.
C:\Users\ASUS S530FN\Desktop\210329\210329\Iori_2P.cpp(784,30): warning C4244: '=': 'float'에서 'LONG'(으)로 변환하면서 데이터가 손실될 수 있습니다.
C:\Users\ASUS S530FN\Desktop\210329\210329\Iori_2P.cpp(785,63): warning C4244: '=': 'float'에서 'LONG'(으)로 변환하면서 데이터가 손실될 수 있습니다.
C:\Users\ASUS S530FN\Desktop\210329\210329\Iori_2P.cpp(789,60): warning C4244: '=': 'float'에서 'LONG'(으)로 변환하면서 데이터가 손실될 수 있습니다.
C:\Users\ASUS S530FN\Desktop\210329\210329\Iori_2P.cpp(790,23): warning C4244: '=': 'float'에서 'LONG'(으)로 변환하면서 데이터가 손실될 수 있습니다.
C:\Users\ASUS S530FN\Desktop\210329\210329\Iori_2P.cpp(791,30): warning C4244: '=': 'float'에서 'LONG'(으)로 변환하면서 데이터가 손실될 수 있습니다.
C:\Users\ASUS S530FN\Desktop\210329\210329\Iori_2P.cpp(792,63): warning C4244: '=': 'float'에서 'LONG'(으)로 변환하면서 데이터가 손실될 수 있습니다.
C:\Users\ASUS S530FN\Desktop\210329\210329\Iori_2P.cpp(808,27): warning C4244: '=': 'float'에서 'LONG'(으)로 변환하면서 데이터가 손실될 수 있습니다.
C:\Users\ASUS S530FN\Desktop\210329\210329\Iori_2P.cpp(809,26): warning C4244: '=': 'float'에서 'LONG'(으)로 변환하면서 데이터가 손실될 수 있습니다.
C:\Users\ASUS S530FN\Desktop\210329\210329\Iori_2P.cpp(810,28): warning C4244: '=': 'float'에서 'LONG'(으)로 변환하면서 데이터가 손실될 수 있습니다.
C:\Users\ASUS S530FN\Desktop\210329\210329\Iori_2P.cpp(811,29): warning C4244: '=': 'float'에서 'LONG'(으)로 변환하면서 데이터가 손실될 수 있습니다.
C:\Users\ASUS S530FN\Desktop\210329\210329\Iori_2P.cpp(824,27): warning C4244: '=': 'float'에서 'LONG'(으)로 변환하면서 데이터가 손실될 수 있습니다.
C:\Users\ASUS S530FN\Desktop\210329\210329\Iori_2P.cpp(825,26): warning C4244: '=': 'float'에서 'LONG'(으)로 변환하면서 데이터가 손실될 수 있습니다.
C:\Users\ASUS S530FN\Desktop\210329\210329\Iori_2P.cpp(826,28): warning C4244: '=': 'float'에서 'LONG'(으)로 변환하면서 데이터가 손실될 수 있습니다.
C:\Users\ASUS S530FN\Desktop\210329\210329\Iori_2P.cpp(827,29): warning C4244: '=': 'float'에서 'LONG'(으)로 변환하면서 데이터가 손실될 수 있습니다.
C:\Users\ASUS S530FN\Desktop\210329\210329\Iori_2P.cpp(840,27): warning C4244: '=': 'float'에서 'LONG'(으)로 변환하면서 데이터가 손실될 수 있습니다.
C:\Users\ASUS S530FN\Desktop\210329\210329\Iori_2P.cpp(841,26): warning C4244: '=': 'float'에서 'LONG'(으)로 변환하면서 데이터가 손실될 수 있습니다.
C:\Users\ASUS S530FN\Desktop\210329\210329\Iori_2P.cpp(842,28): warning C4244: '=': 'float'에서 'LONG'(으)로 변환하면서 데이터가 손실될 수 있습니다.
C:\Users\ASUS S530FN\Desktop\210329\210329\Iori_2P.cpp(843,29): warning C4244: '=': 'float'에서 'LONG'(으)로 변환하면서 데이터가 손실될 수 있습니다.
C:\Users\ASUS S530FN\Desktop\210329\210329\Iori_2P.cpp(856,27): warning C4244: '=': 'float'에서 'LONG'(으)로 변환하면서 데이터가 손실될 수 있습니다.
C:\Users\ASUS S530FN\Desktop\210329\210329\Iori_2P.cpp(857,26): warning C4244: '=': 'float'에서 'LONG'(으)로 변환하면서 데이터가 손실될 수 있습니다.
C:\Users\ASUS S530FN\Desktop\210329\210329\Iori_2P.cpp(858,28): warning C4244: '=': 'float'에서 'LONG'(으)로 변환하면서 데이터가 손실될 수 있습니다.
C:\Users\ASUS S530FN\Desktop\210329\210329\Iori_2P.cpp(859,29): warning C4244: '=': 'float'에서 'LONG'(으)로 변환하면서 데이터가 손실될 수 있습니다.
C:\Users\ASUS S530FN\Desktop\210329\210329\Iori_2P.cpp(872,27): warning C4244: '=': 'float'에서 'LONG'(으)로 변환하면서 데이터가 손실될 수 있습니다.
C:\Users\ASUS S530FN\Desktop\210329\210329\Iori_2P.cpp(873,26): warning C4244: '=': 'float'에서 'LONG'(으)로 변환하면서 데이터가 손실될 수 있습니다.
C:\Users\ASUS S530FN\Desktop\210329\210329\Iori_2P.cpp(874,28): warning C4244: '=': 'float'에서 'LONG'(으)로 변환하면서 데이터가 손실될 수 있습니다.
C:\Users\ASUS S530FN\Desktop\210329\210329\Iori_2P.cpp(875,29): warning C4244: '=': 'float'에서 'LONG'(으)로 변환하면서 데이터가 손실될 수 있습니다.
C:\Users\ASUS S530FN\Desktop\210329\210329\Iori_2P.cpp(879,27): warning C4244: '=': 'float'에서 'LONG'(으)로 변환하면서 데이터가 손실될 수 있습니다.
C:\Users\ASUS S530FN\Desktop\210329\210329\Iori_2P.cpp(880,26): warning C4244: '=': 'float'에서 'LONG'(으)로 변환하면서 데이터가 손실될 수 있습니다.
C:\Users\ASUS S530FN\Desktop\210329\210329\Iori_2P.cpp(881,28): warning C4244: '=': 'float'에서 'LONG'(으)로 변환하면서 데이터가 손실될 수 있습니다.
C:\Users\ASUS S530FN\Desktop\210329\210329\Iori_2P.cpp(882,29): warning C4244: '=': 'float'에서 'LONG'(으)로 변환하면서 데이터가 손실될 수 있습니다.
C:\Users\ASUS S530FN\Desktop\210329\210329\Iori_2P.cpp(886,27): warning C4244: '=': 'float'에서 'LONG'(으)로 변환하면서 데이터가 손실될 수 있습니다.
C:\Users\ASUS S530FN\Desktop\210329\210329\Iori_2P.cpp(887,26): warning C4244: '=': 'float'에서 'LONG'(으)로 변환하면서 데이터가 손실될 수 있습니다.
C:\Users\ASUS S530FN\Desktop\210329\210329\Iori_2P.cpp(888,28): warning C4244: '=': 'float'에서 'LONG'(으)로 변환하면서 데이터가 손실될 수 있습니다.
C:\Users\ASUS S530FN\Desktop\210329\210329\Iori_2P.cpp(889,29): warning C4244: '=': 'float'에서 'LONG'(으)로 변환하면서 데이터가 손실될 수 있습니다.
C:\Users\ASUS S530FN\Desktop\210329\210329\Iori_2P.cpp(893,27): warning C4244: '=': 'float'에서 'LONG'(으)로 변환하면서 데이터가 손실될 수 있습니다.
C:\Users\ASUS S530FN\Desktop\210329\210329\Iori_2P.cpp(894,26): warning C4244: '=': 'float'에서 'LONG'(으)로 변환하면서 데이터가 손실될 수 있습니다.
C:\Users\ASUS S530FN\Desktop\210329\210329\Iori_2P.cpp(895,28): warning C4244: '=': 'float'에서 'LONG'(으)로 변환하면서 데이터가 손실될 수 있습니다.
C:\Users\ASUS S530FN\Desktop\210329\210329\Iori_2P.cpp(896,29): warning C4244: '=': 'float'에서 'LONG'(으)로 변환하면서 데이터가 손실될 수 있습니다.
C:\Users\ASUS S530FN\Desktop\210329\210329\Iori_2P.cpp(900,27): warning C4244: '=': 'float'에서 'LONG'(으)로 변환하면서 데이터가 손실될 수 있습니다.
C:\Users\ASUS S530FN\Desktop\210329\210329\Iori_2P.cpp(901,26): warning C4244: '=': 'float'에서 'LONG'(으)로 변환하면서 데이터가 손실될 수 있습니다.
C:\Users\ASUS S530FN\Desktop\210329\210329\Iori_2P.cpp(902,28): warning C4244: '=': 'float'에서 'LONG'(으)로 변환하면서 데이터가 손실될 수 있습니다.
C:\Users\ASUS S530FN\Desktop\210329\210329\Iori_2P.cpp(903,29): warning C4244: '=': 'float'에서 'LONG'(으)로 변환하면서 데이터가 손실될 수 있습니다.
C:\Users\ASUS S530FN\Desktop\210329\210329\Iori_2P.cpp(907,27): warning C4244: '=': 'float'에서 'LONG'(으)로 변환하면서 데이터가 손실될 수 있습니다.
C:\Users\ASUS S530FN\Desktop\210329\210329\Iori_2P.cpp(908,26): warning C4244: '=': 'float'에서 'LONG'(으)로 변환하면서 데이터가 손실될 수 있습니다.
C:\Users\ASUS S530FN\Desktop\210329\210329\Iori_2P.cpp(909,28): warning C4244: '=': 'float'에서 'LONG'(으)로 변환하면서 데이터가 손실될 수 있습니다.
C:\Users\ASUS S530FN\Desktop\210329\210329\Iori_2P.cpp(910,29): warning C4244: '=': 'float'에서 'LONG'(으)로 변환하면서 데이터가 손실될 수 있습니다.
C:\Users\ASUS S530FN\Desktop\210329\210329\Iori_2P.cpp(914,27): warning C4244: '=': 'float'에서 'LONG'(으)로 변환하면서 데이터가 손실될 수 있습니다.
C:\Users\ASUS S530FN\Desktop\210329\210329\Iori_2P.cpp(915,26): warning C4244: '=': 'float'에서 'LONG'(으)로 변환하면서 데이터가 손실될 수 있습니다.
C:\Users\ASUS S530FN\Desktop\210329\210329\Iori_2P.cpp(916,28): warning C4244: '=': 'float'에서 'LONG'(으)로 변환하면서 데이터가 손실될 수 있습니다.
C:\Users\ASUS S530FN\Desktop\210329\210329\Iori_2P.cpp(917,29): warning C4244: '=': 'float'에서 'LONG'(으)로 변환하면서 데이터가 손실될 수 있습니다.
C:\Users\ASUS S530FN\Desktop\210329\210329\Iori_2P.cpp(921,27): warning C4244: '=': 'float'에서 'LONG'(으)로 변환하면서 데이터가 손실될 수 있습니다.
C:\Users\ASUS S530FN\Desktop\210329\210329\Iori_2P.cpp(922,26): warning C4244: '=': 'float'에서 'LONG'(으)로 변환하면서 데이터가 손실될 수 있습니다.
C:\Users\ASUS S530FN\Desktop\210329\210329\Iori_2P.cpp(923,28): warning C4244: '=': 'float'에서 'LONG'(으)로 변환하면서 데이터가 손실될 수 있습니다.
C:\Users\ASUS S530FN\Desktop\210329\210329\Iori_2P.cpp(924,29): warning C4244: '=': 'float'에서 'LONG'(으)로 변환하면서 데이터가 손실될 수 있습니다.
C:\Users\ASUS S530FN\Desktop\210329\210329\Iori_2P.cpp(928,27): warning C4244: '=': 'float'에서 'LONG'(으)로 변환하면서 데이터가 손실될 수 있습니다.
C:\Users\ASUS S530FN\Desktop\210329\210329\Iori_2P.cpp(929,26): warning C4244: '=': 'float'에서 'LONG'(으)로 변환하면서 데이터가 손실될 수 있습니다.
C:\Users\ASUS S530FN\Desktop\210329\210329\Iori_2P.cpp(930,28): warning C4244: '=': 'float'에서 'LONG'(으)로 변환하면서 데이터가 손실될 수 있습니다.
C:\Users\ASUS S530FN\Desktop\210329\210329\Iori_2P.cpp(931,29): warning C4244: '=': 'float'에서 'LONG'(으)로 변환하면서 데이터가 손실될 수 있습니다.
C:\Users\ASUS S530FN\Desktop\210329\210329\Iori_2P.cpp(935,27): warning C4244: '=': 'float'에서 'LONG'(으)로 변환하면서 데이터가 손실될 수 있습니다.
C:\Users\ASUS S530FN\Desktop\210329\210329\Iori_2P.cpp(936,26): warning C4244: '=': 'float'에서 'LONG'(으)로 변환하면서 데이터가 손실될 수 있습니다.
C:\Users\ASUS S530FN\Desktop\210329\210329\Iori_2P.cpp(937,28): warning C4244: '=': 'float'에서 'LONG'(으)로 변환하면서 데이터가 손실될 수 있습니다.
C:\Users\ASUS S530FN\Desktop\210329\210329\Iori_2P.cpp(938,29): warning C4244: '=': 'float'에서 'LONG'(으)로 변환하면서 데이터가 손실될 수 있습니다.
C:\Users\ASUS S530FN\Desktop\210329\210329\Iori_2P.cpp(942,27): warning C4244: '=': 'float'에서 'LONG'(으)로 변환하면서 데이터가 손실될 수 있습니다.
C:\Users\ASUS S530FN\Desktop\210329\210329\Iori_2P.cpp(943,26): warning C4244: '=': 'float'에서 'LONG'(으)로 변환하면서 데이터가 손실될 수 있습니다.
C:\Users\ASUS S530FN\Desktop\210329\210329\Iori_2P.cpp(944,28): warning C4244: '=': 'float'에서 'LONG'(으)로 변환하면서 데이터가 손실될 수 있습니다.
C:\Users\ASUS S530FN\Desktop\210329\210329\Iori_2P.cpp(945,29): warning C4244: '=': 'float'에서 'LONG'(으)로 변환하면서 데이터가 손실될 수 있습니다.
C:\Users\ASUS S530FN\Desktop\210329\210329\Iori_2P.cpp(949,27): warning C4244: '=': 'float'에서 'LONG'(으)로 변환하면서 데이터가 손실될 수 있습니다.
C:\Users\ASUS S530FN\Desktop\210329\210329\Iori_2P.cpp(950,26): warning C4244: '=': 'float'에서 'LONG'(으)로 변환하면서 데이터가 손실될 수 있습니다.
C:\Users\ASUS S530FN\Desktop\210329\210329\Iori_2P.cpp(951,28): warning C4244: '=': 'float'에서 'LONG'(으)로 변환하면서 데이터가 손실될 수 있습니다.
C:\Users\ASUS S530FN\Desktop\210329\210329\Iori_2P.cpp(952,29): warning C4244: '=': 'float'에서 'LONG'(으)로 변환하면서 데이터가 손실될 수 있습니다.
C:\Users\ASUS S530FN\Desktop\210329\210329\Iori_2P.cpp(973,34): warning C4244: '=': 'float'에서 'LONG'(으)로 변환하면서 데이터가 손실될 수 있습니다.
C:\Users\ASUS S530FN\Desktop\210329\210329\Iori_2P.cpp(974,26): warning C4244: '=': 'float'에서 'LONG'(으)로 변환하면서 데이터가 손실될 수 있습니다.
C:\Users\ASUS S530FN\Desktop\210329\210329\Iori_2P.cpp(975,33): warning C4244: '=': 'float'에서 'LONG'(으)로 변환하면서 데이터가 손실될 수 있습니다.
C:\Users\ASUS S530FN\Desktop\210329\210329\Iori_2P.cpp(976,29): warning C4244: '=': 'float'에서 'LONG'(으)로 변환하면서 데이터가 손실될 수 있습니다.
C:\Users\ASUS S530FN\Desktop\210329\210329\Iori_2P.cpp(989,34): warning C4244: '=': 'float'에서 'LONG'(으)로 변환하면서 데이터가 손실될 수 있습니다.
C:\Users\ASUS S530FN\Desktop\210329\210329\Iori_2P.cpp(990,26): warning C4244: '=': 'float'에서 'LONG'(으)로 변환하면서 데이터가 손실될 수 있습니다.
C:\Users\ASUS S530FN\Desktop\210329\210329\Iori_2P.cpp(991,33): warning C4244: '=': 'float'에서 'LONG'(으)로 변환하면서 데이터가 손실될 수 있습니다.
C:\Users\ASUS S530FN\Desktop\210329\210329\Iori_2P.cpp(992,29): warning C4244: '=': 'float'에서 'LONG'(으)로 변환하면서 데이터가 손실될 수 있습니다.
C:\Users\ASUS S530FN\Desktop\210329\210329\Iori_2P.cpp(1005,34): warning C4244: '=': 'float'에서 'LONG'(으)로 변환하면서 데이터가 손실될 수 있습니다.
C:\Users\ASUS S530FN\Desktop\210329\210329\Iori_2P.cpp(1006,26): warning C4244: '=': 'float'에서 'LONG'(으)로 변환하면서 데이터가 손실될 수 있습니다.
C:\Users\ASUS S530FN\Desktop\210329\210329\Iori_2P.cpp(1007,33): warning C4244: '=': 'float'에서 'LONG'(으)로 변환하면서 데이터가 손실될 수 있습니다.
C:\Users\ASUS S530FN\Desktop\210329\210329\Iori_2P.cpp(1008,29): warning C4244: '=': 'float'에서 'LONG'(으)로 변환하면서 데이터가 손실될 수 있습니다.
C:\Users\ASUS S530FN\Desktop\210329\210329\Iori_2P.cpp(1021,34): warning C4244: '=': 'float'에서 'LONG'(으)로 변환하면서 데이터가 손실될 수 있습니다.
C:\Users\ASUS S530FN\Desktop\210329\210329\Iori_2P.cpp(1022,26): warning C4244: '=': 'float'에서 'LONG'(으)로 변환하면서 데이터가 손실될 수 있습니다.
C:\Users\ASUS S530FN\Desktop\210329\210329\Iori_2P.cpp(1023,33): warning C4244: '=': 'float'에서 'LONG'(으)로 변환하면서 데이터가 손실될 수 있습니다.
C:\Users\ASUS S530FN\Desktop\210329\210329\Iori_2P.cpp(1024,29): warning C4244: '=': 'float'에서 'LONG'(으)로 변환하면서 데이터가 손실될 수 있습니다.
C:\Users\ASUS S530FN\Desktop\210329\210329\Iori_2P.cpp(1037,34): warning C4244: '=': 'float'에서 'LONG'(으)로 변환하면서 데이터가 손실될 수 있습니다.
C:\Users\ASUS S530FN\Desktop\210329\210329\Iori_2P.cpp(1038,26): warning C4244: '=': 'float'에서 'LONG'(으)로 변환하면서 데이터가 손실될 수 있습니다.
C:\Users\ASUS S530FN\Desktop\210329\210329\Iori_2P.cpp(1039,33): warning C4244: '=': 'float'에서 'LONG'(으)로 변환하면서 데이터가 손실될 수 있습니다.
C:\Users\ASUS S530FN\Desktop\210329\210329\Iori_2P.cpp(1040,29): warning C4244: '=': 'float'에서 'LONG'(으)로 변환하면서 데이터가 손실될 수 있습니다.
C:\Users\ASUS S530FN\Desktop\210329\210329\Iori_2P.cpp(1044,34): warning C4244: '=': 'float'에서 'LONG'(으)로 변환하면서 데이터가 손실될 수 있습니다.
C:\Users\ASUS S530FN\Desktop\210329\210329\Iori_2P.cpp(1045,26): warning C4244: '=': 'float'에서 'LONG'(으)로 변환하면서 데이터가 손실될 수 있습니다.
C:\Users\ASUS S530FN\Desktop\210329\210329\Iori_2P.cpp(1046,33): warning C4244: '=': 'float'에서 'LONG'(으)로 변환하면서 데이터가 손실될 수 있습니다.
C:\Users\ASUS S530FN\Desktop\210329\210329\Iori_2P.cpp(1047,29): warning C4244: '=': 'float'에서 'LONG'(으)로 변환하면서 데이터가 손실될 수 있습니다.
C:\Users\ASUS S530FN\Desktop\210329\210329\Iori_2P.cpp(1051,34): warning C4244: '=': 'float'에서 'LONG'(으)로 변환하면서 데이터가 손실될 수 있습니다.
C:\Users\ASUS S530FN\Desktop\210329\210329\Iori_2P.cpp(1052,26): warning C4244: '=': 'float'에서 'LONG'(으)로 변환하면서 데이터가 손실될 수 있습니다.
C:\Users\ASUS S530FN\Desktop\210329\210329\Iori_2P.cpp(1053,33): warning C4244: '=': 'float'에서 'LONG'(으)로 변환하면서 데이터가 손실될 수 있습니다.
C:\Users\ASUS S530FN\Desktop\210329\210329\Iori_2P.cpp(1054,29): warning C4244: '=': 'float'에서 'LONG'(으)로 변환하면서 데이터가 손실될 수 있습니다.
C:\Users\ASUS S530FN\Desktop\210329\210329\Iori_2P.cpp(1058,34): warning C4244: '=': 'float'에서 'LONG'(으)로 변환하면서 데이터가 손실될 수 있습니다.
C:\Users\ASUS S530FN\Desktop\210329\210329\Iori_2P.cpp(1059,26): warning C4244: '=': 'float'에서 'LONG'(으)로 변환하면서 데이터가 손실될 수 있습니다.
C:\Users\ASUS S530FN\Desktop\210329\210329\Iori_2P.cpp(1060,33): warning C4244: '=': 'float'에서 'LONG'(으)로 변환하면서 데이터가 손실될 수 있습니다.
C:\Users\ASUS S530FN\Desktop\210329\210329\Iori_2P.cpp(1061,29): warning C4244: '=': 'float'에서 'LONG'(으)로 변환하면서 데이터가 손실될 수 있습니다.
C:\Users\ASUS S530FN\Desktop\210329\210329\Iori_2P.cpp(1065,34): warning C4244: '=': 'float'에서 'LONG'(으)로 변환하면서 데이터가 손실될 수 있습니다.
C:\Users\ASUS S530FN\Desktop\210329\210329\Iori_2P.cpp(1066,26): warning C4244: '=': 'float'에서 'LONG'(으)로 변환하면서 데이터가 손실될 수 있습니다.
C:\Users\ASUS S530FN\Desktop\210329\210329\Iori_2P.cpp(1067,33): warning C4244: '=': 'float'에서 'LONG'(으)로 변환하면서 데이터가 손실될 수 있습니다.
C:\Users\ASUS S530FN\Desktop\210329\210329\Iori_2P.cpp(1068,29): warning C4244: '=': 'float'에서 'LONG'(으)로 변환하면서 데이터가 손실될 수 있습니다.
C:\Users\ASUS S530FN\Desktop\210329\210329\Iori_2P.cpp(1072,34): warning C4244: '=': 'float'에서 'LONG'(으)로 변환하면서 데이터가 손실될 수 있습니다.
C:\Users\ASUS S530FN\Desktop\210329\210329\Iori_2P.cpp(1073,26): warning C4244: '=': 'float'에서 'LONG'(으)로 변환하면서 데이터가 손실될 수 있습니다.
C:\Users\ASUS S530FN\Desktop\210329\210329\Iori_2P.cpp(1074,33): warning C4244: '=': 'float'에서 'LONG'(으)로 변환하면서 데이터가 손실될 수 있습니다.
C:\Users\ASUS S530FN\Desktop\210329\210329\Iori_2P.cpp(1075,29): warning C4244: '=': 'float'에서 'LONG'(으)로 변환하면서 데이터가 손실될 수 있습니다.
C:\Users\ASUS S530FN\Desktop\210329\210329\Iori_2P.cpp(1079,34): warning C4244: '=': 'float'에서 'LONG'(으)로 변환하면서 데이터가 손실될 수 있습니다.
C:\Users\ASUS S530FN\Desktop\210329\210329\Iori_2P.cpp(1080,26): warning C4244: '=': 'float'에서 'LONG'(으)로 변환하면서 데이터가 손실될 수 있습니다.
C:\Users\ASUS S530FN\Desktop\210329\210329\Iori_2P.cpp(1081,33): warning C4244: '=': 'float'에서 'LONG'(으)로 변환하면서 데이터가 손실될 수 있습니다.
C:\Users\ASUS S530FN\Desktop\210329\210329\Iori_2P.cpp(1082,29): warning C4244: '=': 'float'에서 'LONG'(으)로 변환하면서 데이터가 손실될 수 있습니다.
C:\Users\ASUS S530FN\Desktop\210329\210329\Iori_2P.cpp(1086,34): warning C4244: '=': 'float'에서 'LONG'(으)로 변환하면서 데이터가 손실될 수 있습니다.
C:\Users\ASUS S530FN\Desktop\210329\210329\Iori_2P.cpp(1087,26): warning C4244: '=': 'float'에서 'LONG'(으)로 변환하면서 데이터가 손실될 수 있습니다.
C:\Users\ASUS S530FN\Desktop\210329\210329\Iori_2P.cpp(1088,33): warning C4244: '=': 'float'에서 'LONG'(으)로 변환하면서 데이터가 손실될 수 있습니다.
C:\Users\ASUS S530FN\Desktop\210329\210329\Iori_2P.cpp(1089,29): warning C4244: '=': 'float'에서 'LONG'(으)로 변환하면서 데이터가 손실될 수 있습니다.
C:\Users\ASUS S530FN\Desktop\210329\210329\Iori_2P.cpp(1093,34): warning C4244: '=': 'float'에서 'LONG'(으)로 변환하면서 데이터가 손실될 수 있습니다.
C:\Users\ASUS S530FN\Desktop\210329\210329\Iori_2P.cpp(1094,26): warning C4244: '=': 'float'에서 'LONG'(으)로 변환하면서 데이터가 손실될 수 있습니다.
C:\Users\ASUS S530FN\Desktop\210329\210329\Iori_2P.cpp(1095,33): warning C4244: '=': 'float'에서 'LONG'(으)로 변환하면서 데이터가 손실될 수 있습니다.
C:\Users\ASUS S530FN\Desktop\210329\210329\Iori_2P.cpp(1096,29): warning C4244: '=': 'float'에서 'LONG'(으)로 변환하면서 데이터가 손실될 수 있습니다.
C:\Users\ASUS S530FN\Desktop\210329\210329\Iori_2P.cpp(1100,34): warning C4244: '=': 'float'에서 'LONG'(으)로 변환하면서 데이터가 손실될 수 있습니다.
C:\Users\ASUS S530FN\Desktop\210329\210329\Iori_2P.cpp(1101,26): warning C4244: '=': 'float'에서 'LONG'(으)로 변환하면서 데이터가 손실될 수 있습니다.
C:\Users\ASUS S530FN\Desktop\210329\210329\Iori_2P.cpp(1102,33): warning C4244: '=': 'float'에서 'LONG'(으)로 변환하면서 데이터가 손실될 수 있습니다.
C:\Users\ASUS S530FN\Desktop\210329\210329\Iori_2P.cpp(1103,29): warning C4244: '=': 'float'에서 'LONG'(으)로 변환하면서 데이터가 손실될 수 있습니다.
C:\Users\ASUS S530FN\Desktop\210329\210329\Iori_2P.cpp(1107,34): warning C4244: '=': 'float'에서 'LONG'(으)로 변환하면서 데이터가 손실될 수 있습니다.
C:\Users\ASUS S530FN\Desktop\210329\210329\Iori_2P.cpp(1108,26): warning C4244: '=': 'float'에서 'LONG'(으)로 변환하면서 데이터가 손실될 수 있습니다.
C:\Users\ASUS S530FN\Desktop\210329\210329\Iori_2P.cpp(1109,33): warning C4244: '=': 'float'에서 'LONG'(으)로 변환하면서 데이터가 손실될 수 있습니다.
C:\Users\ASUS S530FN\Desktop\210329\210329\Iori_2P.cpp(1110,29): warning C4244: '=': 'float'에서 'LONG'(으)로 변환하면서 데이터가 손실될 수 있습니다.
C:\Users\ASUS S530FN\Desktop\210329\210329\Iori_2P.cpp(1114,34): warning C4244: '=': 'float'에서 'LONG'(으)로 변환하면서 데이터가 손실될 수 있습니다.
C:\Users\ASUS S530FN\Desktop\210329\210329\Iori_2P.cpp(1115,26): warning C4244: '=': 'float'에서 'LONG'(으)로 변환하면서 데이터가 손실될 수 있습니다.
C:\Users\ASUS S530FN\Desktop\210329\210329\Iori_2P.cpp(1116,33): warning C4244: '=': 'float'에서 'LONG'(으)로 변환하면서 데이터가 손실될 수 있습니다.
C:\Users\ASUS S530FN\Desktop\210329\210329\Iori_2P.cpp(1117,29): warning C4244: '=': 'float'에서 'LONG'(으)로 변환하면서 데이터가 손실될 수 있습니다.
  코드를 생성하고 있습니다...
  210329.vcxproj -> C:\Users\ASUS S530FN\Desktop\210329\x64\Debug\210329.exe
